Sun Jul 16 23:47:04 2023: Running xcd server. This server was built by gradle.
Sun Jul 16 23:47:04 2023: Server was asked to start on port: '35447'
Sun Jul 16 23:47:04 2023: Server is using token UUID: '5ec555ec-6a09-4bb5-8f02-aaedede5ff5c'
Sun Jul 16 23:47:04 2023: SESSION_MGR: creating session with session uuid: '6d04a3e9-ade5-4ab9-8d63-1f78fcd2ec76' and name 'default'
Sun Jul 16 23:47:04 2023: Attempting to start server on port '35447'
Sun Jul 16 23:47:04 2023: XCD main fifo: created main fifo '/tmp/xcdmain5ec555ec-6a09-4bb5-8f02-aaedede5ff5c', fd read = 13
Sun Jul 16 23:47:04 2023: Running Dispatch Server
Sun Jul 16 23:47:04 2023: Version 2.2.0
Sun Jul 16 23:47:12 2023: Dispatch Server: Accepted socket connection from client
Sun Jul 16 23:47:12 2023: Starting Socket connection
Sun Jul 16 23:47:12 2023: EXCHANGE_TOKEN received, server token: 5ec555ec-6a09-4bb5-8f02-aaedede5ff5c, passed token: 5ec555ec-6a09-4bb5-8f02-aaedede5ff5c
Sun Jul 16 23:47:12 2023: SESSION_MGR: creating session with session uuid: '3072d021-f3e1-4f43-bf38-f87605d5fc7f' and name 'vitis_hls'
Sun Jul 16 23:47:12 2023: KERNEL_SVC: creating session with uuid: '3072d021-f3e1-4f43-bf38-f87605d5fc7f' and name 'vitis_hls'
Sun Jul 16 23:47:12 2023: GUIDANCE_SMGR: creating guidance session with uuid: '3072d021-f3e1-4f43-bf38-f87605d5fc7f' and name 'vitis_hls'
Sun Jul 16 23:47:30 2023: STOP_SERVER received, server token: 5ec555ec-6a09-4bb5-8f02-aaedede5ff5c, passed token: 5ec555ec-6a09-4bb5-8f02-aaedede5ff5c
Sun Jul 16 23:47:30 2023: Socket received request to stop server.
Sun Jul 16 23:47:30 2023: Dispatch Server: do_await_stop
Sun Jul 16 23:47:30 2023: Dispatch Server: stopping mainFifo_
Sun Jul 16 23:47:30 2023: XCD main fifo: Stopping
Sun Jul 16 23:47:30 2023: XCD main fifo: do_read error code: Operation canceled
Sun Jul 16 23:47:30 2023: XCD main fifo: bytes_transferred: 0
Sun Jul 16 23:47:30 2023: SERVER: destructor for server bound to port 35447
Sun Jul 16 23:47:30 2023: XCD main fifo: Good unlink of /tmp/xcdmain5ec555ec-6a09-4bb5-8f02-aaedede5ff5c
Sun Jul 16 23:47:30 2023: Server exiting with status 0.
Sun Jul 16 23:47:30 2023: Closing log file.
Sun Jul 16 23:50:07 2023: Running xcd server. This server was built by gradle.
Sun Jul 16 23:50:07 2023: Server was asked to start on port: '43555'
Sun Jul 16 23:50:07 2023: Server is using token UUID: 'a57d31c4-a585-4ae5-99ec-b6c89890ee12'
Sun Jul 16 23:50:07 2023: SESSION_MGR: creating session with session uuid: '6d04a3e9-ade5-4ab9-8d63-1f78fcd2ec76' and name 'default'
Sun Jul 16 23:50:07 2023: Attempting to start server on port '43555'
Sun Jul 16 23:50:07 2023: XCD main fifo: created main fifo '/tmp/xcdmaina57d31c4-a585-4ae5-99ec-b6c89890ee12', fd read = 13
Sun Jul 16 23:50:07 2023: Running Dispatch Server
Sun Jul 16 23:50:07 2023: Version 2.2.0
Sun Jul 16 23:50:16 2023: Dispatch Server: Accepted socket connection from client
Sun Jul 16 23:50:16 2023: Starting Socket connection
Sun Jul 16 23:50:16 2023: EXCHANGE_TOKEN received, server token: a57d31c4-a585-4ae5-99ec-b6c89890ee12, passed token: a57d31c4-a585-4ae5-99ec-b6c89890ee12
Sun Jul 16 23:50:16 2023: SESSION_MGR: creating session with session uuid: '7c8228cc-2e87-4c14-b89d-c5ceaf58d537' and name 'vitis_hls'
Sun Jul 16 23:50:16 2023: KERNEL_SVC: creating session with uuid: '7c8228cc-2e87-4c14-b89d-c5ceaf58d537' and name 'vitis_hls'
Sun Jul 16 23:50:16 2023: GUIDANCE_SMGR: creating guidance session with uuid: '7c8228cc-2e87-4c14-b89d-c5ceaf58d537' and name 'vitis_hls'
Sun Jul 16 23:50:47 2023: STOP_SERVER received, server token: a57d31c4-a585-4ae5-99ec-b6c89890ee12, passed token: a57d31c4-a585-4ae5-99ec-b6c89890ee12
Sun Jul 16 23:50:47 2023: Socket received request to stop server.
Sun Jul 16 23:50:47 2023: Dispatch Server: do_await_stop
Sun Jul 16 23:50:47 2023: Dispatch Server: stopping mainFifo_
Sun Jul 16 23:50:47 2023: XCD main fifo: Stopping
Sun Jul 16 23:50:47 2023: XCD main fifo: do_read error code: Operation canceled
Sun Jul 16 23:50:47 2023: XCD main fifo: bytes_transferred: 0
Sun Jul 16 23:50:47 2023: SERVER: destructor for server bound to port 43555
Sun Jul 16 23:50:47 2023: XCD main fifo: Good unlink of /tmp/xcdmaina57d31c4-a585-4ae5-99ec-b6c89890ee12
Sun Jul 16 23:50:47 2023: Server exiting with status 0.
Sun Jul 16 23:50:47 2023: Closing log file.
Sun Jul 16 23:54:19 2023: Running xcd server. This server was built by gradle.
Sun Jul 16 23:54:19 2023: Server was asked to start on port: '33495'
Sun Jul 16 23:54:19 2023: Server is using token UUID: '23a9b976-3d1d-4a8c-aaf7-6e83a114fac9'
Sun Jul 16 23:54:19 2023: SESSION_MGR: creating session with session uuid: '6d04a3e9-ade5-4ab9-8d63-1f78fcd2ec76' and name 'default'
Sun Jul 16 23:54:19 2023: Attempting to start server on port '33495'
Sun Jul 16 23:54:19 2023: XCD main fifo: created main fifo '/tmp/xcdmain23a9b976-3d1d-4a8c-aaf7-6e83a114fac9', fd read = 13
Sun Jul 16 23:54:19 2023: Running Dispatch Server
Sun Jul 16 23:54:19 2023: Version 2.2.0
Sun Jul 16 23:54:28 2023: Dispatch Server: Accepted socket connection from client
Sun Jul 16 23:54:28 2023: Starting Socket connection
Sun Jul 16 23:54:28 2023: EXCHANGE_TOKEN received, server token: 23a9b976-3d1d-4a8c-aaf7-6e83a114fac9, passed token: 23a9b976-3d1d-4a8c-aaf7-6e83a114fac9
Sun Jul 16 23:54:28 2023: SESSION_MGR: creating session with session uuid: '062e7661-13a3-4770-86bf-d3529aa32663' and name 'vitis_hls'
Sun Jul 16 23:54:28 2023: KERNEL_SVC: creating session with uuid: '062e7661-13a3-4770-86bf-d3529aa32663' and name 'vitis_hls'
Sun Jul 16 23:54:28 2023: GUIDANCE_SMGR: creating guidance session with uuid: '062e7661-13a3-4770-86bf-d3529aa32663' and name 'vitis_hls'
Sun Jul 16 23:55:00 2023: STOP_SERVER received, server token: 23a9b976-3d1d-4a8c-aaf7-6e83a114fac9, passed token: 23a9b976-3d1d-4a8c-aaf7-6e83a114fac9
Sun Jul 16 23:55:00 2023: Socket received request to stop server.
Sun Jul 16 23:55:00 2023: Dispatch Server: do_await_stop
Sun Jul 16 23:55:00 2023: Dispatch Server: stopping mainFifo_
Sun Jul 16 23:55:00 2023: XCD main fifo: Stopping
Sun Jul 16 23:55:00 2023: XCD main fifo: do_read error code: Operation canceled
Sun Jul 16 23:55:00 2023: XCD main fifo: bytes_transferred: 0
Sun Jul 16 23:55:00 2023: SERVER: destructor for server bound to port 33495
Sun Jul 16 23:55:00 2023: XCD main fifo: Good unlink of /tmp/xcdmain23a9b976-3d1d-4a8c-aaf7-6e83a114fac9
Sun Jul 16 23:55:00 2023: Server exiting with status 0.
Sun Jul 16 23:55:00 2023: Closing log file.
