Tue Jul 18 12:19:25 2023: Running xcd server. This server was built by gradle.
Tue Jul 18 12:19:25 2023: Server was asked to start on port: '44397'
Tue Jul 18 12:19:25 2023: Server is using token UUID: 'b6cabee7-a9cb-4be1-8f2c-06d935700210'
Tue Jul 18 12:19:25 2023: SESSION_MGR: creating session with session uuid: '6d04a3e9-ade5-4ab9-8d63-1f78fcd2ec76' and name 'default'
Tue Jul 18 12:19:25 2023: Attempting to start server on port '44397'
Tue Jul 18 12:19:25 2023: XCD main fifo: created main fifo '/tmp/xcdmainb6cabee7-a9cb-4be1-8f2c-06d935700210', fd read = 13
Tue Jul 18 12:19:25 2023: Running Dispatch Server
Tue Jul 18 12:19:25 2023: Version 2.2.0
Tue Jul 18 12:19:34 2023: Dispatch Server: Accepted socket connection from client
Tue Jul 18 12:19:34 2023: Starting Socket connection
Tue Jul 18 12:19:34 2023: EXCHANGE_TOKEN received, server token: b6cabee7-a9cb-4be1-8f2c-06d935700210, passed token: b6cabee7-a9cb-4be1-8f2c-06d935700210
Tue Jul 18 12:19:34 2023: SESSION_MGR: creating session with session uuid: '3797e1b5-f28f-43fe-a4b1-9b724c9b62bf' and name 'vitis_hls'
Tue Jul 18 12:19:34 2023: KERNEL_SVC: creating session with uuid: '3797e1b5-f28f-43fe-a4b1-9b724c9b62bf' and name 'vitis_hls'
Tue Jul 18 12:19:34 2023: GUIDANCE_SMGR: creating guidance session with uuid: '3797e1b5-f28f-43fe-a4b1-9b724c9b62bf' and name 'vitis_hls'
Tue Jul 18 12:19:47 2023: STOP_SERVER received, server token: b6cabee7-a9cb-4be1-8f2c-06d935700210, passed token: b6cabee7-a9cb-4be1-8f2c-06d935700210
Tue Jul 18 12:19:47 2023: Socket received request to stop server.
Tue Jul 18 12:19:47 2023: Dispatch Server: do_await_stop
Tue Jul 18 12:19:47 2023: Dispatch Server: stopping mainFifo_
Tue Jul 18 12:19:47 2023: XCD main fifo: Stopping
Tue Jul 18 12:19:47 2023: XCD main fifo: do_read error code: Operation canceled
Tue Jul 18 12:19:47 2023: XCD main fifo: bytes_transferred: 0
Tue Jul 18 12:19:47 2023: SERVER: destructor for server bound to port 44397
Tue Jul 18 12:19:47 2023: XCD main fifo: Good unlink of /tmp/xcdmainb6cabee7-a9cb-4be1-8f2c-06d935700210
Tue Jul 18 12:19:47 2023: Server exiting with status 0.
Tue Jul 18 12:19:47 2023: Closing log file.
Tue Jul 18 12:20:00 2023: Running xcd server. This server was built by gradle.
Tue Jul 18 12:20:00 2023: Server was asked to start on port: '39593'
Tue Jul 18 12:20:00 2023: Server is using token UUID: '895993a3-46bb-44fe-b2dc-df97b10ab1f2'
Tue Jul 18 12:20:00 2023: SESSION_MGR: creating session with session uuid: '6d04a3e9-ade5-4ab9-8d63-1f78fcd2ec76' and name 'default'
Tue Jul 18 12:20:00 2023: Attempting to start server on port '39593'
Tue Jul 18 12:20:00 2023: XCD main fifo: created main fifo '/tmp/xcdmain895993a3-46bb-44fe-b2dc-df97b10ab1f2', fd read = 13
Tue Jul 18 12:20:00 2023: Running Dispatch Server
Tue Jul 18 12:20:00 2023: Version 2.2.0
Tue Jul 18 12:20:09 2023: Dispatch Server: Accepted socket connection from client
Tue Jul 18 12:20:09 2023: Starting Socket connection
Tue Jul 18 12:20:09 2023: EXCHANGE_TOKEN received, server token: 895993a3-46bb-44fe-b2dc-df97b10ab1f2, passed token: 895993a3-46bb-44fe-b2dc-df97b10ab1f2
Tue Jul 18 12:20:09 2023: SESSION_MGR: creating session with session uuid: 'eca0a1f6-238c-4c8a-ab0e-069b82543d82' and name 'vitis_hls'
Tue Jul 18 12:20:09 2023: KERNEL_SVC: creating session with uuid: 'eca0a1f6-238c-4c8a-ab0e-069b82543d82' and name 'vitis_hls'
Tue Jul 18 12:20:09 2023: GUIDANCE_SMGR: creating guidance session with uuid: 'eca0a1f6-238c-4c8a-ab0e-069b82543d82' and name 'vitis_hls'
Tue Jul 18 13:33:49 2023: Running xcd server. This server was built by gradle.
Tue Jul 18 13:33:49 2023: Server was asked to start on port: '46405'
Tue Jul 18 13:33:49 2023: Server is using token UUID: '7c435ed5-9786-481f-8332-de46639611a7'
Tue Jul 18 13:33:49 2023: SESSION_MGR: creating session with session uuid: '6d04a3e9-ade5-4ab9-8d63-1f78fcd2ec76' and name 'default'
Tue Jul 18 13:33:49 2023: Attempting to start server on port '46405'
Tue Jul 18 13:33:49 2023: XCD main fifo: created main fifo '/tmp/xcdmain7c435ed5-9786-481f-8332-de46639611a7', fd read = 13
Tue Jul 18 13:33:49 2023: Running Dispatch Server
Tue Jul 18 13:33:49 2023: Version 2.2.0
Tue Jul 18 13:33:58 2023: Dispatch Server: Accepted socket connection from client
Tue Jul 18 13:33:58 2023: Starting Socket connection
Tue Jul 18 13:33:58 2023: EXCHANGE_TOKEN received, server token: 7c435ed5-9786-481f-8332-de46639611a7, passed token: 7c435ed5-9786-481f-8332-de46639611a7
Tue Jul 18 13:33:58 2023: SESSION_MGR: creating session with session uuid: 'cb6d6a6f-dce8-4cc7-9dc2-71513ee27409' and name 'vitis_hls'
Tue Jul 18 13:33:58 2023: KERNEL_SVC: creating session with uuid: 'cb6d6a6f-dce8-4cc7-9dc2-71513ee27409' and name 'vitis_hls'
Tue Jul 18 13:33:58 2023: GUIDANCE_SMGR: creating guidance session with uuid: 'cb6d6a6f-dce8-4cc7-9dc2-71513ee27409' and name 'vitis_hls'
Tue Jul 18 13:34:42 2023: Dispatch Server: Accepted socket connection from client
Tue Jul 18 13:34:42 2023: Starting Socket connection
Tue Jul 18 13:35:32 2023: Dispatch Server: Accepted socket connection from client
Tue Jul 18 13:35:32 2023: Starting Socket connection
Tue Jul 18 13:36:30 2023: STOP_SERVER received, server token: 7c435ed5-9786-481f-8332-de46639611a7, passed token: 7c435ed5-9786-481f-8332-de46639611a7
Tue Jul 18 13:36:30 2023: Socket received request to stop server.
Tue Jul 18 13:36:30 2023: Dispatch Server: do_await_stop
Tue Jul 18 13:36:30 2023: Dispatch Server: stopping mainFifo_
Tue Jul 18 13:36:30 2023: XCD main fifo: Stopping
Tue Jul 18 13:36:30 2023: XCD main fifo: do_read error code: Operation canceled
Tue Jul 18 13:36:30 2023: XCD main fifo: bytes_transferred: 0
Tue Jul 18 13:36:30 2023: SERVER: destructor for server bound to port 46405
Tue Jul 18 13:36:30 2023: XCD main fifo: Good unlink of /tmp/xcdmain7c435ed5-9786-481f-8332-de46639611a7
Tue Jul 18 13:36:30 2023: Server exiting with status 0.
Tue Jul 18 13:36:30 2023: Closing log file.
Tue Jul 18 15:29:47 2023: Running xcd server. This server was built by gradle.
Tue Jul 18 15:29:47 2023: Server was asked to start on port: '34793'
Tue Jul 18 15:29:47 2023: Server is using token UUID: '981485c5-5884-4269-be31-eedd44df171f'
Tue Jul 18 15:29:47 2023: SESSION_MGR: creating session with session uuid: '6d04a3e9-ade5-4ab9-8d63-1f78fcd2ec76' and name 'default'
Tue Jul 18 15:29:47 2023: Attempting to start server on port '34793'
Tue Jul 18 15:29:47 2023: XCD main fifo: created main fifo '/tmp/xcdmain981485c5-5884-4269-be31-eedd44df171f', fd read = 13
Tue Jul 18 15:29:47 2023: Running Dispatch Server
Tue Jul 18 15:29:47 2023: Version 2.2.0
Tue Jul 18 15:29:56 2023: Dispatch Server: Accepted socket connection from client
Tue Jul 18 15:29:56 2023: Starting Socket connection
Tue Jul 18 15:29:56 2023: EXCHANGE_TOKEN received, server token: 981485c5-5884-4269-be31-eedd44df171f, passed token: 981485c5-5884-4269-be31-eedd44df171f
Tue Jul 18 15:29:56 2023: SESSION_MGR: creating session with session uuid: 'd83cadef-7e74-4661-af6a-0553bf378321' and name 'vitis_hls'
Tue Jul 18 15:29:56 2023: KERNEL_SVC: creating session with uuid: 'd83cadef-7e74-4661-af6a-0553bf378321' and name 'vitis_hls'
Tue Jul 18 15:29:56 2023: GUIDANCE_SMGR: creating guidance session with uuid: 'd83cadef-7e74-4661-af6a-0553bf378321' and name 'vitis_hls'
Tue Jul 18 15:39:41 2023: Running xcd server. This server was built by gradle.
Tue Jul 18 15:39:41 2023: Server was asked to start on port: '45361'
Tue Jul 18 15:39:41 2023: Server is using token UUID: 'd3c5bb0f-9c82-40b3-9ecc-a57fd9ca7097'
Tue Jul 18 15:39:41 2023: SESSION_MGR: creating session with session uuid: '6d04a3e9-ade5-4ab9-8d63-1f78fcd2ec76' and name 'default'
Tue Jul 18 15:39:41 2023: Attempting to start server on port '45361'
Tue Jul 18 15:39:41 2023: XCD main fifo: created main fifo '/tmp/xcdmaind3c5bb0f-9c82-40b3-9ecc-a57fd9ca7097', fd read = 13
Tue Jul 18 15:39:41 2023: Running Dispatch Server
Tue Jul 18 15:39:41 2023: Version 2.2.0
Tue Jul 18 15:39:50 2023: Dispatch Server: Accepted socket connection from client
Tue Jul 18 15:39:50 2023: Starting Socket connection
Tue Jul 18 15:39:50 2023: EXCHANGE_TOKEN received, server token: d3c5bb0f-9c82-40b3-9ecc-a57fd9ca7097, passed token: d3c5bb0f-9c82-40b3-9ecc-a57fd9ca7097
Tue Jul 18 15:39:50 2023: SESSION_MGR: creating session with session uuid: 'b94a5006-3f58-404e-94d8-b4c877f99910' and name 'vitis_hls'
Tue Jul 18 15:39:50 2023: KERNEL_SVC: creating session with uuid: 'b94a5006-3f58-404e-94d8-b4c877f99910' and name 'vitis_hls'
Tue Jul 18 15:39:50 2023: GUIDANCE_SMGR: creating guidance session with uuid: 'b94a5006-3f58-404e-94d8-b4c877f99910' and name 'vitis_hls'
Tue Jul 18 15:39:53 2023: STOP_SERVER received, server token: d3c5bb0f-9c82-40b3-9ecc-a57fd9ca7097, passed token: d3c5bb0f-9c82-40b3-9ecc-a57fd9ca7097
Tue Jul 18 15:39:53 2023: Socket received request to stop server.
Tue Jul 18 15:39:53 2023: Dispatch Server: do_await_stop
Tue Jul 18 15:39:53 2023: Dispatch Server: stopping mainFifo_
Tue Jul 18 15:39:53 2023: XCD main fifo: Stopping
Tue Jul 18 15:39:53 2023: XCD main fifo: do_read error code: Operation canceled
Tue Jul 18 15:39:53 2023: XCD main fifo: bytes_transferred: 0
Tue Jul 18 15:39:53 2023: SERVER: destructor for server bound to port 45361
Tue Jul 18 15:39:53 2023: XCD main fifo: Good unlink of /tmp/xcdmaind3c5bb0f-9c82-40b3-9ecc-a57fd9ca7097
Tue Jul 18 15:39:53 2023: Server exiting with status 0.
Tue Jul 18 15:39:53 2023: Closing log file.
Tue Jul 18 15:56:08 2023: Running xcd server. This server was built by gradle.
Tue Jul 18 15:56:08 2023: Server was asked to start on port: '37727'
Tue Jul 18 15:56:08 2023: Server is using token UUID: '2b58967a-88b1-4e97-8a11-68afe1dcff11'
Tue Jul 18 15:56:08 2023: SESSION_MGR: creating session with session uuid: '6d04a3e9-ade5-4ab9-8d63-1f78fcd2ec76' and name 'default'
Tue Jul 18 15:56:08 2023: Attempting to start server on port '37727'
Tue Jul 18 15:56:08 2023: XCD main fifo: created main fifo '/tmp/xcdmain2b58967a-88b1-4e97-8a11-68afe1dcff11', fd read = 13
Tue Jul 18 15:56:08 2023: Running Dispatch Server
Tue Jul 18 15:56:08 2023: Version 2.2.0
Tue Jul 18 15:56:17 2023: Dispatch Server: Accepted socket connection from client
Tue Jul 18 15:56:17 2023: Starting Socket connection
Tue Jul 18 15:56:17 2023: EXCHANGE_TOKEN received, server token: 2b58967a-88b1-4e97-8a11-68afe1dcff11, passed token: 2b58967a-88b1-4e97-8a11-68afe1dcff11
Tue Jul 18 15:56:17 2023: SESSION_MGR: creating session with session uuid: 'b815d191-38a6-4414-b6f0-7e979fabd65f' and name 'vitis_hls'
Tue Jul 18 15:56:17 2023: KERNEL_SVC: creating session with uuid: 'b815d191-38a6-4414-b6f0-7e979fabd65f' and name 'vitis_hls'
Tue Jul 18 15:56:17 2023: GUIDANCE_SMGR: creating guidance session with uuid: 'b815d191-38a6-4414-b6f0-7e979fabd65f' and name 'vitis_hls'
