/root/Xilinx/rgb2grey/prj/rgb2grey/rgb2gray_2/solution1/.autopilot/db/rgb2gray.pp.0.cpp:1559:7: warning: Added loop label VITIS_LOOP_1211_1:   [xilinx-label-all-loops]
      for (i = 0; i < __N - 1; ++i) {
      ^~~
      VITIS_LOOP_1211_1: 
/root/Xilinx/rgb2grey/prj/rgb2grey/rgb2gray_2/solution1/.autopilot/db/rgb2gray.pp.0.cpp:1559:7: note: FIX-IT applied suggested code changes
/root/Xilinx/rgb2grey/prj/rgb2grey/rgb2gray_2/solution1/.autopilot/db/rgb2gray.pp.0.cpp:2533:5: warning: Added loop label VITIS_LOOP_676_1:   [xilinx-label-all-loops]
    for (unsigned i = low; i != high; ++i) {
    ^~~
    VITIS_LOOP_676_1: 
/root/Xilinx/rgb2grey/prj/rgb2grey/rgb2gray_2/solution1/.autopilot/db/rgb2gray.pp.0.cpp:2533:5: note: FIX-IT applied suggested code changes
/root/Xilinx/rgb2grey/prj/rgb2grey/rgb2gray_2/solution1/.autopilot/db/rgb2gray.pp.0.cpp:2547:5: warning: Added loop label VITIS_LOOP_690_1:   [xilinx-label-all-loops]
    for (unsigned i = low; i != high; ++i) {
    ^~~
    VITIS_LOOP_690_1: 
/root/Xilinx/rgb2grey/prj/rgb2grey/rgb2gray_2/solution1/.autopilot/db/rgb2gray.pp.0.cpp:2547:5: note: FIX-IT applied suggested code changes
/root/Xilinx/rgb2grey/prj/rgb2grey/rgb2gray_2/solution1/.autopilot/db/rgb2gray.pp.0.cpp:2561:5: warning: Added loop label VITIS_LOOP_704_1:   [xilinx-label-all-loops]
    for (unsigned i = low; i != high; ++i) {
    ^~~
    VITIS_LOOP_704_1: 
/root/Xilinx/rgb2grey/prj/rgb2grey/rgb2gray_2/solution1/.autopilot/db/rgb2gray.pp.0.cpp:2561:5: note: FIX-IT applied suggested code changes
/root/Xilinx/rgb2grey/prj/rgb2grey/rgb2gray_2/solution1/.autopilot/db/rgb2gray.pp.0.cpp:4172:7: warning: Added loop label VITIS_LOOP_1245_1:   [xilinx-label-all-loops]
      for (i = 0; i < __N - 1; ++i) {
      ^~~
      VITIS_LOOP_1245_1: 
/root/Xilinx/rgb2grey/prj/rgb2grey/rgb2gray_2/solution1/.autopilot/db/rgb2gray.pp.0.cpp:4172:7: note: FIX-IT applied suggested code changes
