

================================================================
== Vitis HLS Report for 'rgb2gray_pixel'
================================================================
* Date:           Sun Jul 16 23:47:28 2023

* Version:        2022.2 (Build 3670227 on Oct 13 2022)
* Project:        rgb2gray_2
* Solution:       solution1 (Vivado IP Flow Target)
* Product family: zynq
* Target device:  xc7z020-clg484-1


================================================================
== Performance Estimates
================================================================
+ Timing: 
    * Summary: 
    +--------+----------+----------+------------+
    |  Clock |  Target  | Estimated| Uncertainty|
    +--------+----------+----------+------------+
    |ap_clk  |  10.00 ns|  7.297 ns|     2.70 ns|
    +--------+----------+----------+------------+

+ Latency: 
    * Summary: 
    +---------+---------+----------+----------+-----+-----+---------+
    |  Latency (cycles) |  Latency (absolute) |  Interval | Pipeline|
    |   min   |   max   |    min   |    max   | min | max |   Type  |
    +---------+---------+----------+----------+-----+-----+---------+
    |       27|       27|  0.270 us|  0.270 us|    1|    1|      yes|
    +---------+---------+----------+----------+-----+-----+---------+

    + Detail: 
        * Instance: 
        N/A

        * Loop: 
        N/A



================================================================
== Utilization Estimates
================================================================
* Summary: 
+-----------------+---------+-----+--------+-------+-----+
|       Name      | BRAM_18K| DSP |   FF   |  LUT  | URAM|
+-----------------+---------+-----+--------+-------+-----+
|DSP              |        -|    -|       -|      -|    -|
|Expression       |        -|    -|       0|    784|    -|
|FIFO             |        -|    -|       -|      -|    -|
|Instance         |        -|   39|    2286|   4040|    -|
|Memory           |        -|    -|       -|      -|    -|
|Multiplexer      |        -|    -|       -|     14|    -|
|Register         |        -|    -|     616|     32|    -|
+-----------------+---------+-----+--------+-------+-----+
|Total            |        0|   39|    2902|   4870|    0|
+-----------------+---------+-----+--------+-------+-----+
|Available        |      280|  220|  106400|  53200|    0|
+-----------------+---------+-----+--------+-------+-----+
|Utilization (%)  |        0|   17|       2|      9|    0|
+-----------------+---------+-----+--------+-------+-----+

+ Detail: 
    * Instance: 
    +-----------------------------------+--------------------------------+---------+----+-----+------+-----+
    |              Instance             |             Module             | BRAM_18K| DSP|  FF |  LUT | URAM|
    +-----------------------------------+--------------------------------+---------+----+-----+------+-----+
    |dadd_64ns_64ns_64_7_full_dsp_0_U1  |dadd_64ns_64ns_64_7_full_dsp_0  |        0|   3|  630|  1141|    0|
    |dadd_64ns_64ns_64_7_full_dsp_0_U2  |dadd_64ns_64ns_64_7_full_dsp_0  |        0|   3|  630|  1141|    0|
    |dmul_64ns_64ns_64_7_max_dsp_0_U3   |dmul_64ns_64ns_64_7_max_dsp_0   |        0|  11|  342|   586|    0|
    |dmul_64ns_64ns_64_7_max_dsp_0_U4   |dmul_64ns_64ns_64_7_max_dsp_0   |        0|  11|  342|   586|    0|
    |dmul_64ns_64ns_64_7_max_dsp_0_U5   |dmul_64ns_64ns_64_7_max_dsp_0   |        0|  11|  342|   586|    0|
    |sitodp_32ns_64_6_no_dsp_0_U6       |sitodp_32ns_64_6_no_dsp_0       |        0|   0|    0|     0|    0|
    |sitodp_32ns_64_6_no_dsp_0_U7       |sitodp_32ns_64_6_no_dsp_0       |        0|   0|    0|     0|    0|
    |sitodp_32ns_64_6_no_dsp_0_U8       |sitodp_32ns_64_6_no_dsp_0       |        0|   0|    0|     0|    0|
    +-----------------------------------+--------------------------------+---------+----+-----+------+-----+
    |Total                              |                                |        0|  39| 2286|  4040|    0|
    +-----------------------------------+--------------------------------+---------+----+-----+------+-----+

    * DSP: 
    N/A

    * Memory: 
    N/A

    * FIFO: 
    N/A

    * Expression: 
    +----------------------+----------+----+---+-----+------------+------------+
    |     Variable Name    | Operation| DSP| FF| LUT | Bitwidth P0| Bitwidth P1|
    +----------------------+----------+----+---+-----+------------+------------+
    |add_ln515_fu_140_p2   |         +|   0|  0|   12|          12|          11|
    |sub_ln1512_fu_154_p2  |         -|   0|  0|   12|          10|          11|
    |r_V_fu_179_p2         |      lshr|   0|  0|  370|         113|         113|
    |ush_fu_163_p3         |    select|   0|  0|   12|           1|          12|
    |val_fu_213_p3         |    select|   0|  0|    8|           1|           8|
    |r_V_1_fu_185_p2       |       shl|   0|  0|  370|         113|         113|
    +----------------------+----------+----+---+-----+------------+------------+
    |Total                 |          |   0|  0|  784|         250|         268|
    +----------------------+----------+----+---+-----+------------+------------+

    * Multiplexer: 
    +-----------+----+-----------+-----+-----------+
    |    Name   | LUT| Input Size| Bits| Total Bits|
    +-----------+----+-----------+-----+-----------+
    |ap_return  |  14|          3|    8|         24|
    +-----------+----+-----------+-----+-----------+
    |Total      |  14|          3|    8|         24|
    +-----------+----+-----------+-----+-----------+

    * Register: 
    +------------------------+----+----+-----+-----------+
    |          Name          | FF | LUT| Bits| Const Bits|
    +------------------------+----+----+-----+-----------+
    |add_reg_266             |  64|   0|   64|          0|
    |ap_ce_reg               |   1|   0|    1|          0|
    |ap_return_int_reg       |   8|   0|    8|          0|
    |conv1_reg_236           |  64|   0|   64|          0|
    |conv3_reg_241           |  64|   0|   64|          0|
    |conv6_reg_261           |  64|   0|   64|          0|
    |mul4_reg_256            |  64|   0|   64|          0|
    |mul7_reg_271            |  64|   0|   64|          0|
    |mul_reg_251             |  64|   0|   64|          0|
    |p_Result_s_reg_282      |  52|   0|   52|          0|
    |rgb_val_b_int_reg       |   8|   0|    8|          0|
    |rgb_val_b_read_reg_221  |   8|   0|    8|          0|
    |rgb_val_g_int_reg       |   8|   0|    8|          0|
    |rgb_val_r_int_reg       |   8|   0|    8|          0|
    |xs_exp_V_reg_276        |  11|   0|   11|          0|
    |rgb_val_b_read_reg_221  |  64|  32|    8|          0|
    +------------------------+----+----+-----+-----------+
    |Total                   | 616|  32|  560|          0|
    +------------------------+----+----+-----+-----------+



================================================================
== Interface
================================================================
* Summary: 
+-----------+-----+-----+------------+----------------+--------------+
| RTL Ports | Dir | Bits|  Protocol  |  Source Object |    C Type    |
+-----------+-----+-----+------------+----------------+--------------+
|ap_clk     |   in|    1|  ap_ctrl_hs|  rgb2gray_pixel|  return value|
|ap_rst     |   in|    1|  ap_ctrl_hs|  rgb2gray_pixel|  return value|
|ap_return  |  out|    8|  ap_ctrl_hs|  rgb2gray_pixel|  return value|
|ap_ce      |   in|    1|  ap_ctrl_hs|  rgb2gray_pixel|  return value|
|rgb_val_r  |   in|    8|     ap_none|       rgb_val_r|        scalar|
|rgb_val_g  |   in|    8|     ap_none|       rgb_val_g|        scalar|
|rgb_val_b  |   in|    8|     ap_none|       rgb_val_b|        scalar|
+-----------+-----+-----+------------+----------------+--------------+

============================================================
+ Verbose Summary: Synthesis Manager
============================================================
InlineROM: 1
ExposeGlobal: 0
============================================================
+ Verbose Summary: CDFG Model
============================================================
IsTopModel: 0
ResetActiveHigh: 1
IsCombinational: 2
IsDatapathOnly: 1
HasWiredReturn: 1
HasMFsm: 2
HasVarLatency: 0
IsPipeline: 1
IsRtlPipelined: 1
IsInstanceOverlapped: 1
IsDontTouch: 0
HasImplIP: 0
IsGatedGlobalClock: 0

+ Individual pipeline summary: 
  * Pipeline-0: initiation interval (II) = 1, depth = 28


============================================================
+ Verbose Summary: Schedule
============================================================
* Number of FSM states : 28
* Pipeline : 1
  Pipeline-0 : II = 1, D = 28, States = { 1 2 3 4 5 6 7 8 9 10 11 12 13 14 15 16 17 18 19 20 21 22 23 24 25 26 27 28 }
* Dataflow Pipeline: 0

* FSM state transitions: 
1 --> 2 
2 --> 3 
3 --> 4 
4 --> 5 
5 --> 6 
6 --> 7 
7 --> 8 
8 --> 9 
9 --> 10 
10 --> 11 
11 --> 12 
12 --> 13 
13 --> 14 
14 --> 15 
15 --> 16 
16 --> 17 
17 --> 18 
18 --> 19 
19 --> 20 
20 --> 21 
21 --> 22 
22 --> 23 
23 --> 24 
24 --> 25 
25 --> 26 
26 --> 27 
27 --> 28 
28 --> 

* FSM state operations: 

State 1 <SV = 0> <Delay = 6.28>
ST_1 : Operation 29 [1/1] (0.00ns)   --->   "%rgb_val_b_read = read i8 @_ssdm_op_Read.ap_auto.i8, i8 %rgb_val_b" [../../src/rgb2gray.cpp:5]   --->   Operation 29 'read' 'rgb_val_b_read' <Predicate = true> <Delay = 0.00>
ST_1 : Operation 30 [1/1] (0.00ns)   --->   "%rgb_val_g_read = read i8 @_ssdm_op_Read.ap_auto.i8, i8 %rgb_val_g" [../../src/rgb2gray.cpp:5]   --->   Operation 30 'read' 'rgb_val_g_read' <Predicate = true> <Delay = 0.00>
ST_1 : Operation 31 [1/1] (0.00ns)   --->   "%rgb_val_r_read = read i8 @_ssdm_op_Read.ap_auto.i8, i8 %rgb_val_r" [../../src/rgb2gray.cpp:5]   --->   Operation 31 'read' 'rgb_val_r_read' <Predicate = true> <Delay = 0.00>
ST_1 : Operation 32 [1/1] (0.00ns)   --->   "%zext_ln5 = zext i8 %rgb_val_r_read" [../../src/rgb2gray.cpp:5]   --->   Operation 32 'zext' 'zext_ln5' <Predicate = true> <Delay = 0.00>
ST_1 : Operation 33 [6/6] (6.28ns)   --->   "%conv1 = sitodp i32 %zext_ln5" [../../src/rgb2gray.cpp:5]   --->   Operation 33 'sitodp' 'conv1' <Predicate = true> <Delay = 6.28> <CoreInst = "Int2Double">   --->   Core 66 'Int2Double' <Latency = 5> <II = 1> <Delay = 6.28> <FuncUnit> <Opcode : 'sitodp' 'uitodp'> <InPorts = 1> <OutPorts = 1>
ST_1 : Operation 34 [1/1] (0.00ns)   --->   "%zext_ln5_1 = zext i8 %rgb_val_g_read" [../../src/rgb2gray.cpp:5]   --->   Operation 34 'zext' 'zext_ln5_1' <Predicate = true> <Delay = 0.00>
ST_1 : Operation 35 [6/6] (6.28ns)   --->   "%conv3 = sitodp i32 %zext_ln5_1" [../../src/rgb2gray.cpp:5]   --->   Operation 35 'sitodp' 'conv3' <Predicate = true> <Delay = 6.28> <CoreInst = "Int2Double">   --->   Core 66 'Int2Double' <Latency = 5> <II = 1> <Delay = 6.28> <FuncUnit> <Opcode : 'sitodp' 'uitodp'> <InPorts = 1> <OutPorts = 1>

State 2 <SV = 1> <Delay = 6.28>
ST_2 : Operation 36 [5/6] (6.28ns)   --->   "%conv1 = sitodp i32 %zext_ln5" [../../src/rgb2gray.cpp:5]   --->   Operation 36 'sitodp' 'conv1' <Predicate = true> <Delay = 6.28> <CoreInst = "Int2Double">   --->   Core 66 'Int2Double' <Latency = 5> <II = 1> <Delay = 6.28> <FuncUnit> <Opcode : 'sitodp' 'uitodp'> <InPorts = 1> <OutPorts = 1>
ST_2 : Operation 37 [5/6] (6.28ns)   --->   "%conv3 = sitodp i32 %zext_ln5_1" [../../src/rgb2gray.cpp:5]   --->   Operation 37 'sitodp' 'conv3' <Predicate = true> <Delay = 6.28> <CoreInst = "Int2Double">   --->   Core 66 'Int2Double' <Latency = 5> <II = 1> <Delay = 6.28> <FuncUnit> <Opcode : 'sitodp' 'uitodp'> <InPorts = 1> <OutPorts = 1>

State 3 <SV = 2> <Delay = 6.28>
ST_3 : Operation 38 [4/6] (6.28ns)   --->   "%conv1 = sitodp i32 %zext_ln5" [../../src/rgb2gray.cpp:5]   --->   Operation 38 'sitodp' 'conv1' <Predicate = true> <Delay = 6.28> <CoreInst = "Int2Double">   --->   Core 66 'Int2Double' <Latency = 5> <II = 1> <Delay = 6.28> <FuncUnit> <Opcode : 'sitodp' 'uitodp'> <InPorts = 1> <OutPorts = 1>
ST_3 : Operation 39 [4/6] (6.28ns)   --->   "%conv3 = sitodp i32 %zext_ln5_1" [../../src/rgb2gray.cpp:5]   --->   Operation 39 'sitodp' 'conv3' <Predicate = true> <Delay = 6.28> <CoreInst = "Int2Double">   --->   Core 66 'Int2Double' <Latency = 5> <II = 1> <Delay = 6.28> <FuncUnit> <Opcode : 'sitodp' 'uitodp'> <InPorts = 1> <OutPorts = 1>

State 4 <SV = 3> <Delay = 6.28>
ST_4 : Operation 40 [3/6] (6.28ns)   --->   "%conv1 = sitodp i32 %zext_ln5" [../../src/rgb2gray.cpp:5]   --->   Operation 40 'sitodp' 'conv1' <Predicate = true> <Delay = 6.28> <CoreInst = "Int2Double">   --->   Core 66 'Int2Double' <Latency = 5> <II = 1> <Delay = 6.28> <FuncUnit> <Opcode : 'sitodp' 'uitodp'> <InPorts = 1> <OutPorts = 1>
ST_4 : Operation 41 [3/6] (6.28ns)   --->   "%conv3 = sitodp i32 %zext_ln5_1" [../../src/rgb2gray.cpp:5]   --->   Operation 41 'sitodp' 'conv3' <Predicate = true> <Delay = 6.28> <CoreInst = "Int2Double">   --->   Core 66 'Int2Double' <Latency = 5> <II = 1> <Delay = 6.28> <FuncUnit> <Opcode : 'sitodp' 'uitodp'> <InPorts = 1> <OutPorts = 1>

State 5 <SV = 4> <Delay = 6.28>
ST_5 : Operation 42 [2/6] (6.28ns)   --->   "%conv1 = sitodp i32 %zext_ln5" [../../src/rgb2gray.cpp:5]   --->   Operation 42 'sitodp' 'conv1' <Predicate = true> <Delay = 6.28> <CoreInst = "Int2Double">   --->   Core 66 'Int2Double' <Latency = 5> <II = 1> <Delay = 6.28> <FuncUnit> <Opcode : 'sitodp' 'uitodp'> <InPorts = 1> <OutPorts = 1>
ST_5 : Operation 43 [2/6] (6.28ns)   --->   "%conv3 = sitodp i32 %zext_ln5_1" [../../src/rgb2gray.cpp:5]   --->   Operation 43 'sitodp' 'conv3' <Predicate = true> <Delay = 6.28> <CoreInst = "Int2Double">   --->   Core 66 'Int2Double' <Latency = 5> <II = 1> <Delay = 6.28> <FuncUnit> <Opcode : 'sitodp' 'uitodp'> <InPorts = 1> <OutPorts = 1>

State 6 <SV = 5> <Delay = 6.28>
ST_6 : Operation 44 [1/6] (6.28ns)   --->   "%conv1 = sitodp i32 %zext_ln5" [../../src/rgb2gray.cpp:5]   --->   Operation 44 'sitodp' 'conv1' <Predicate = true> <Delay = 6.28> <CoreInst = "Int2Double">   --->   Core 66 'Int2Double' <Latency = 5> <II = 1> <Delay = 6.28> <FuncUnit> <Opcode : 'sitodp' 'uitodp'> <InPorts = 1> <OutPorts = 1>
ST_6 : Operation 45 [1/6] (6.28ns)   --->   "%conv3 = sitodp i32 %zext_ln5_1" [../../src/rgb2gray.cpp:5]   --->   Operation 45 'sitodp' 'conv3' <Predicate = true> <Delay = 6.28> <CoreInst = "Int2Double">   --->   Core 66 'Int2Double' <Latency = 5> <II = 1> <Delay = 6.28> <FuncUnit> <Opcode : 'sitodp' 'uitodp'> <InPorts = 1> <OutPorts = 1>

State 7 <SV = 6> <Delay = 6.71>
ST_7 : Operation 46 [7/7] (6.71ns)   --->   "%mul = dmul i64 %conv1, i64 0.299" [../../src/rgb2gray.cpp:5]   --->   Operation 46 'dmul' 'mul' <Predicate = true> <Delay = 6.71> <CoreInst = "DMul_maxdsp">   --->   Core 49 'DMul_maxdsp' <Latency = 6> <II = 1> <Delay = 6.71> <FuncUnit> <Opcode : 'dmul'> <InPorts = 2> <OutPorts = 1>
ST_7 : Operation 47 [7/7] (6.71ns)   --->   "%mul4 = dmul i64 %conv3, i64 0.587" [../../src/rgb2gray.cpp:5]   --->   Operation 47 'dmul' 'mul4' <Predicate = true> <Delay = 6.71> <CoreInst = "DMul_maxdsp">   --->   Core 49 'DMul_maxdsp' <Latency = 6> <II = 1> <Delay = 6.71> <FuncUnit> <Opcode : 'dmul'> <InPorts = 2> <OutPorts = 1>

State 8 <SV = 7> <Delay = 6.71>
ST_8 : Operation 48 [6/7] (6.71ns)   --->   "%mul = dmul i64 %conv1, i64 0.299" [../../src/rgb2gray.cpp:5]   --->   Operation 48 'dmul' 'mul' <Predicate = true> <Delay = 6.71> <CoreInst = "DMul_maxdsp">   --->   Core 49 'DMul_maxdsp' <Latency = 6> <II = 1> <Delay = 6.71> <FuncUnit> <Opcode : 'dmul'> <InPorts = 2> <OutPorts = 1>
ST_8 : Operation 49 [6/7] (6.71ns)   --->   "%mul4 = dmul i64 %conv3, i64 0.587" [../../src/rgb2gray.cpp:5]   --->   Operation 49 'dmul' 'mul4' <Predicate = true> <Delay = 6.71> <CoreInst = "DMul_maxdsp">   --->   Core 49 'DMul_maxdsp' <Latency = 6> <II = 1> <Delay = 6.71> <FuncUnit> <Opcode : 'dmul'> <InPorts = 2> <OutPorts = 1>
ST_8 : Operation 50 [1/1] (0.00ns)   --->   "%zext_ln5_2 = zext i8 %rgb_val_b_read" [../../src/rgb2gray.cpp:5]   --->   Operation 50 'zext' 'zext_ln5_2' <Predicate = true> <Delay = 0.00>
ST_8 : Operation 51 [6/6] (6.28ns)   --->   "%conv6 = sitodp i32 %zext_ln5_2" [../../src/rgb2gray.cpp:5]   --->   Operation 51 'sitodp' 'conv6' <Predicate = true> <Delay = 6.28> <CoreInst = "Int2Double">   --->   Core 66 'Int2Double' <Latency = 5> <II = 1> <Delay = 6.28> <FuncUnit> <Opcode : 'sitodp' 'uitodp'> <InPorts = 1> <OutPorts = 1>

State 9 <SV = 8> <Delay = 6.71>
ST_9 : Operation 52 [5/7] (6.71ns)   --->   "%mul = dmul i64 %conv1, i64 0.299" [../../src/rgb2gray.cpp:5]   --->   Operation 52 'dmul' 'mul' <Predicate = true> <Delay = 6.71> <CoreInst = "DMul_maxdsp">   --->   Core 49 'DMul_maxdsp' <Latency = 6> <II = 1> <Delay = 6.71> <FuncUnit> <Opcode : 'dmul'> <InPorts = 2> <OutPorts = 1>
ST_9 : Operation 53 [5/7] (6.71ns)   --->   "%mul4 = dmul i64 %conv3, i64 0.587" [../../src/rgb2gray.cpp:5]   --->   Operation 53 'dmul' 'mul4' <Predicate = true> <Delay = 6.71> <CoreInst = "DMul_maxdsp">   --->   Core 49 'DMul_maxdsp' <Latency = 6> <II = 1> <Delay = 6.71> <FuncUnit> <Opcode : 'dmul'> <InPorts = 2> <OutPorts = 1>
ST_9 : Operation 54 [5/6] (6.28ns)   --->   "%conv6 = sitodp i32 %zext_ln5_2" [../../src/rgb2gray.cpp:5]   --->   Operation 54 'sitodp' 'conv6' <Predicate = true> <Delay = 6.28> <CoreInst = "Int2Double">   --->   Core 66 'Int2Double' <Latency = 5> <II = 1> <Delay = 6.28> <FuncUnit> <Opcode : 'sitodp' 'uitodp'> <InPorts = 1> <OutPorts = 1>

State 10 <SV = 9> <Delay = 6.71>
ST_10 : Operation 55 [4/7] (6.71ns)   --->   "%mul = dmul i64 %conv1, i64 0.299" [../../src/rgb2gray.cpp:5]   --->   Operation 55 'dmul' 'mul' <Predicate = true> <Delay = 6.71> <CoreInst = "DMul_maxdsp">   --->   Core 49 'DMul_maxdsp' <Latency = 6> <II = 1> <Delay = 6.71> <FuncUnit> <Opcode : 'dmul'> <InPorts = 2> <OutPorts = 1>
ST_10 : Operation 56 [4/7] (6.71ns)   --->   "%mul4 = dmul i64 %conv3, i64 0.587" [../../src/rgb2gray.cpp:5]   --->   Operation 56 'dmul' 'mul4' <Predicate = true> <Delay = 6.71> <CoreInst = "DMul_maxdsp">   --->   Core 49 'DMul_maxdsp' <Latency = 6> <II = 1> <Delay = 6.71> <FuncUnit> <Opcode : 'dmul'> <InPorts = 2> <OutPorts = 1>
ST_10 : Operation 57 [4/6] (6.28ns)   --->   "%conv6 = sitodp i32 %zext_ln5_2" [../../src/rgb2gray.cpp:5]   --->   Operation 57 'sitodp' 'conv6' <Predicate = true> <Delay = 6.28> <CoreInst = "Int2Double">   --->   Core 66 'Int2Double' <Latency = 5> <II = 1> <Delay = 6.28> <FuncUnit> <Opcode : 'sitodp' 'uitodp'> <InPorts = 1> <OutPorts = 1>

State 11 <SV = 10> <Delay = 6.71>
ST_11 : Operation 58 [3/7] (6.71ns)   --->   "%mul = dmul i64 %conv1, i64 0.299" [../../src/rgb2gray.cpp:5]   --->   Operation 58 'dmul' 'mul' <Predicate = true> <Delay = 6.71> <CoreInst = "DMul_maxdsp">   --->   Core 49 'DMul_maxdsp' <Latency = 6> <II = 1> <Delay = 6.71> <FuncUnit> <Opcode : 'dmul'> <InPorts = 2> <OutPorts = 1>
ST_11 : Operation 59 [3/7] (6.71ns)   --->   "%mul4 = dmul i64 %conv3, i64 0.587" [../../src/rgb2gray.cpp:5]   --->   Operation 59 'dmul' 'mul4' <Predicate = true> <Delay = 6.71> <CoreInst = "DMul_maxdsp">   --->   Core 49 'DMul_maxdsp' <Latency = 6> <II = 1> <Delay = 6.71> <FuncUnit> <Opcode : 'dmul'> <InPorts = 2> <OutPorts = 1>
ST_11 : Operation 60 [3/6] (6.28ns)   --->   "%conv6 = sitodp i32 %zext_ln5_2" [../../src/rgb2gray.cpp:5]   --->   Operation 60 'sitodp' 'conv6' <Predicate = true> <Delay = 6.28> <CoreInst = "Int2Double">   --->   Core 66 'Int2Double' <Latency = 5> <II = 1> <Delay = 6.28> <FuncUnit> <Opcode : 'sitodp' 'uitodp'> <InPorts = 1> <OutPorts = 1>

State 12 <SV = 11> <Delay = 6.71>
ST_12 : Operation 61 [2/7] (6.71ns)   --->   "%mul = dmul i64 %conv1, i64 0.299" [../../src/rgb2gray.cpp:5]   --->   Operation 61 'dmul' 'mul' <Predicate = true> <Delay = 6.71> <CoreInst = "DMul_maxdsp">   --->   Core 49 'DMul_maxdsp' <Latency = 6> <II = 1> <Delay = 6.71> <FuncUnit> <Opcode : 'dmul'> <InPorts = 2> <OutPorts = 1>
ST_12 : Operation 62 [2/7] (6.71ns)   --->   "%mul4 = dmul i64 %conv3, i64 0.587" [../../src/rgb2gray.cpp:5]   --->   Operation 62 'dmul' 'mul4' <Predicate = true> <Delay = 6.71> <CoreInst = "DMul_maxdsp">   --->   Core 49 'DMul_maxdsp' <Latency = 6> <II = 1> <Delay = 6.71> <FuncUnit> <Opcode : 'dmul'> <InPorts = 2> <OutPorts = 1>
ST_12 : Operation 63 [2/6] (6.28ns)   --->   "%conv6 = sitodp i32 %zext_ln5_2" [../../src/rgb2gray.cpp:5]   --->   Operation 63 'sitodp' 'conv6' <Predicate = true> <Delay = 6.28> <CoreInst = "Int2Double">   --->   Core 66 'Int2Double' <Latency = 5> <II = 1> <Delay = 6.28> <FuncUnit> <Opcode : 'sitodp' 'uitodp'> <InPorts = 1> <OutPorts = 1>

State 13 <SV = 12> <Delay = 6.71>
ST_13 : Operation 64 [1/7] (6.71ns)   --->   "%mul = dmul i64 %conv1, i64 0.299" [../../src/rgb2gray.cpp:5]   --->   Operation 64 'dmul' 'mul' <Predicate = true> <Delay = 6.71> <CoreInst = "DMul_maxdsp">   --->   Core 49 'DMul_maxdsp' <Latency = 6> <II = 1> <Delay = 6.71> <FuncUnit> <Opcode : 'dmul'> <InPorts = 2> <OutPorts = 1>
ST_13 : Operation 65 [1/7] (6.71ns)   --->   "%mul4 = dmul i64 %conv3, i64 0.587" [../../src/rgb2gray.cpp:5]   --->   Operation 65 'dmul' 'mul4' <Predicate = true> <Delay = 6.71> <CoreInst = "DMul_maxdsp">   --->   Core 49 'DMul_maxdsp' <Latency = 6> <II = 1> <Delay = 6.71> <FuncUnit> <Opcode : 'dmul'> <InPorts = 2> <OutPorts = 1>
ST_13 : Operation 66 [1/6] (6.28ns)   --->   "%conv6 = sitodp i32 %zext_ln5_2" [../../src/rgb2gray.cpp:5]   --->   Operation 66 'sitodp' 'conv6' <Predicate = true> <Delay = 6.28> <CoreInst = "Int2Double">   --->   Core 66 'Int2Double' <Latency = 5> <II = 1> <Delay = 6.28> <FuncUnit> <Opcode : 'sitodp' 'uitodp'> <InPorts = 1> <OutPorts = 1>

State 14 <SV = 13> <Delay = 7.29>
ST_14 : Operation 67 [7/7] (7.29ns)   --->   "%add = dadd i64 %mul, i64 %mul4" [../../src/rgb2gray.cpp:5]   --->   Operation 67 'dadd' 'add' <Predicate = true> <Delay = 7.29> <CoreInst = "DAddSub_fulldsp">   --->   Core 37 'DAddSub_fulldsp' <Latency = 6> <II = 1> <Delay = 7.29> <FuncUnit> <Opcode : 'dadd' 'dsub'> <InPorts = 2> <OutPorts = 1>
ST_14 : Operation 68 [7/7] (6.71ns)   --->   "%mul7 = dmul i64 %conv6, i64 0.114" [../../src/rgb2gray.cpp:5]   --->   Operation 68 'dmul' 'mul7' <Predicate = true> <Delay = 6.71> <CoreInst = "DMul_maxdsp">   --->   Core 49 'DMul_maxdsp' <Latency = 6> <II = 1> <Delay = 6.71> <FuncUnit> <Opcode : 'dmul'> <InPorts = 2> <OutPorts = 1>

State 15 <SV = 14> <Delay = 7.29>
ST_15 : Operation 69 [6/7] (7.29ns)   --->   "%add = dadd i64 %mul, i64 %mul4" [../../src/rgb2gray.cpp:5]   --->   Operation 69 'dadd' 'add' <Predicate = true> <Delay = 7.29> <CoreInst = "DAddSub_fulldsp">   --->   Core 37 'DAddSub_fulldsp' <Latency = 6> <II = 1> <Delay = 7.29> <FuncUnit> <Opcode : 'dadd' 'dsub'> <InPorts = 2> <OutPorts = 1>
ST_15 : Operation 70 [6/7] (6.71ns)   --->   "%mul7 = dmul i64 %conv6, i64 0.114" [../../src/rgb2gray.cpp:5]   --->   Operation 70 'dmul' 'mul7' <Predicate = true> <Delay = 6.71> <CoreInst = "DMul_maxdsp">   --->   Core 49 'DMul_maxdsp' <Latency = 6> <II = 1> <Delay = 6.71> <FuncUnit> <Opcode : 'dmul'> <InPorts = 2> <OutPorts = 1>

State 16 <SV = 15> <Delay = 7.29>
ST_16 : Operation 71 [5/7] (7.29ns)   --->   "%add = dadd i64 %mul, i64 %mul4" [../../src/rgb2gray.cpp:5]   --->   Operation 71 'dadd' 'add' <Predicate = true> <Delay = 7.29> <CoreInst = "DAddSub_fulldsp">   --->   Core 37 'DAddSub_fulldsp' <Latency = 6> <II = 1> <Delay = 7.29> <FuncUnit> <Opcode : 'dadd' 'dsub'> <InPorts = 2> <OutPorts = 1>
ST_16 : Operation 72 [5/7] (6.71ns)   --->   "%mul7 = dmul i64 %conv6, i64 0.114" [../../src/rgb2gray.cpp:5]   --->   Operation 72 'dmul' 'mul7' <Predicate = true> <Delay = 6.71> <CoreInst = "DMul_maxdsp">   --->   Core 49 'DMul_maxdsp' <Latency = 6> <II = 1> <Delay = 6.71> <FuncUnit> <Opcode : 'dmul'> <InPorts = 2> <OutPorts = 1>

State 17 <SV = 16> <Delay = 7.29>
ST_17 : Operation 73 [4/7] (7.29ns)   --->   "%add = dadd i64 %mul, i64 %mul4" [../../src/rgb2gray.cpp:5]   --->   Operation 73 'dadd' 'add' <Predicate = true> <Delay = 7.29> <CoreInst = "DAddSub_fulldsp">   --->   Core 37 'DAddSub_fulldsp' <Latency = 6> <II = 1> <Delay = 7.29> <FuncUnit> <Opcode : 'dadd' 'dsub'> <InPorts = 2> <OutPorts = 1>
ST_17 : Operation 74 [4/7] (6.71ns)   --->   "%mul7 = dmul i64 %conv6, i64 0.114" [../../src/rgb2gray.cpp:5]   --->   Operation 74 'dmul' 'mul7' <Predicate = true> <Delay = 6.71> <CoreInst = "DMul_maxdsp">   --->   Core 49 'DMul_maxdsp' <Latency = 6> <II = 1> <Delay = 6.71> <FuncUnit> <Opcode : 'dmul'> <InPorts = 2> <OutPorts = 1>

State 18 <SV = 17> <Delay = 7.29>
ST_18 : Operation 75 [3/7] (7.29ns)   --->   "%add = dadd i64 %mul, i64 %mul4" [../../src/rgb2gray.cpp:5]   --->   Operation 75 'dadd' 'add' <Predicate = true> <Delay = 7.29> <CoreInst = "DAddSub_fulldsp">   --->   Core 37 'DAddSub_fulldsp' <Latency = 6> <II = 1> <Delay = 7.29> <FuncUnit> <Opcode : 'dadd' 'dsub'> <InPorts = 2> <OutPorts = 1>
ST_18 : Operation 76 [3/7] (6.71ns)   --->   "%mul7 = dmul i64 %conv6, i64 0.114" [../../src/rgb2gray.cpp:5]   --->   Operation 76 'dmul' 'mul7' <Predicate = true> <Delay = 6.71> <CoreInst = "DMul_maxdsp">   --->   Core 49 'DMul_maxdsp' <Latency = 6> <II = 1> <Delay = 6.71> <FuncUnit> <Opcode : 'dmul'> <InPorts = 2> <OutPorts = 1>

State 19 <SV = 18> <Delay = 7.29>
ST_19 : Operation 77 [2/7] (7.29ns)   --->   "%add = dadd i64 %mul, i64 %mul4" [../../src/rgb2gray.cpp:5]   --->   Operation 77 'dadd' 'add' <Predicate = true> <Delay = 7.29> <CoreInst = "DAddSub_fulldsp">   --->   Core 37 'DAddSub_fulldsp' <Latency = 6> <II = 1> <Delay = 7.29> <FuncUnit> <Opcode : 'dadd' 'dsub'> <InPorts = 2> <OutPorts = 1>
ST_19 : Operation 78 [2/7] (6.71ns)   --->   "%mul7 = dmul i64 %conv6, i64 0.114" [../../src/rgb2gray.cpp:5]   --->   Operation 78 'dmul' 'mul7' <Predicate = true> <Delay = 6.71> <CoreInst = "DMul_maxdsp">   --->   Core 49 'DMul_maxdsp' <Latency = 6> <II = 1> <Delay = 6.71> <FuncUnit> <Opcode : 'dmul'> <InPorts = 2> <OutPorts = 1>

State 20 <SV = 19> <Delay = 7.29>
ST_20 : Operation 79 [1/7] (7.29ns)   --->   "%add = dadd i64 %mul, i64 %mul4" [../../src/rgb2gray.cpp:5]   --->   Operation 79 'dadd' 'add' <Predicate = true> <Delay = 7.29> <CoreInst = "DAddSub_fulldsp">   --->   Core 37 'DAddSub_fulldsp' <Latency = 6> <II = 1> <Delay = 7.29> <FuncUnit> <Opcode : 'dadd' 'dsub'> <InPorts = 2> <OutPorts = 1>
ST_20 : Operation 80 [1/7] (6.71ns)   --->   "%mul7 = dmul i64 %conv6, i64 0.114" [../../src/rgb2gray.cpp:5]   --->   Operation 80 'dmul' 'mul7' <Predicate = true> <Delay = 6.71> <CoreInst = "DMul_maxdsp">   --->   Core 49 'DMul_maxdsp' <Latency = 6> <II = 1> <Delay = 6.71> <FuncUnit> <Opcode : 'dmul'> <InPorts = 2> <OutPorts = 1>

State 21 <SV = 20> <Delay = 7.29>
ST_21 : Operation 81 [7/7] (7.29ns)   --->   "%dc = dadd i64 %add, i64 %mul7" [../../src/rgb2gray.cpp:5]   --->   Operation 81 'dadd' 'dc' <Predicate = true> <Delay = 7.29> <CoreInst = "DAddSub_fulldsp">   --->   Core 37 'DAddSub_fulldsp' <Latency = 6> <II = 1> <Delay = 7.29> <FuncUnit> <Opcode : 'dadd' 'dsub'> <InPorts = 2> <OutPorts = 1>

State 22 <SV = 21> <Delay = 7.29>
ST_22 : Operation 82 [6/7] (7.29ns)   --->   "%dc = dadd i64 %add, i64 %mul7" [../../src/rgb2gray.cpp:5]   --->   Operation 82 'dadd' 'dc' <Predicate = true> <Delay = 7.29> <CoreInst = "DAddSub_fulldsp">   --->   Core 37 'DAddSub_fulldsp' <Latency = 6> <II = 1> <Delay = 7.29> <FuncUnit> <Opcode : 'dadd' 'dsub'> <InPorts = 2> <OutPorts = 1>

State 23 <SV = 22> <Delay = 7.29>
ST_23 : Operation 83 [5/7] (7.29ns)   --->   "%dc = dadd i64 %add, i64 %mul7" [../../src/rgb2gray.cpp:5]   --->   Operation 83 'dadd' 'dc' <Predicate = true> <Delay = 7.29> <CoreInst = "DAddSub_fulldsp">   --->   Core 37 'DAddSub_fulldsp' <Latency = 6> <II = 1> <Delay = 7.29> <FuncUnit> <Opcode : 'dadd' 'dsub'> <InPorts = 2> <OutPorts = 1>

State 24 <SV = 23> <Delay = 7.29>
ST_24 : Operation 84 [4/7] (7.29ns)   --->   "%dc = dadd i64 %add, i64 %mul7" [../../src/rgb2gray.cpp:5]   --->   Operation 84 'dadd' 'dc' <Predicate = true> <Delay = 7.29> <CoreInst = "DAddSub_fulldsp">   --->   Core 37 'DAddSub_fulldsp' <Latency = 6> <II = 1> <Delay = 7.29> <FuncUnit> <Opcode : 'dadd' 'dsub'> <InPorts = 2> <OutPorts = 1>

State 25 <SV = 24> <Delay = 7.29>
ST_25 : Operation 85 [3/7] (7.29ns)   --->   "%dc = dadd i64 %add, i64 %mul7" [../../src/rgb2gray.cpp:5]   --->   Operation 85 'dadd' 'dc' <Predicate = true> <Delay = 7.29> <CoreInst = "DAddSub_fulldsp">   --->   Core 37 'DAddSub_fulldsp' <Latency = 6> <II = 1> <Delay = 7.29> <FuncUnit> <Opcode : 'dadd' 'dsub'> <InPorts = 2> <OutPorts = 1>

State 26 <SV = 25> <Delay = 7.29>
ST_26 : Operation 86 [2/7] (7.29ns)   --->   "%dc = dadd i64 %add, i64 %mul7" [../../src/rgb2gray.cpp:5]   --->   Operation 86 'dadd' 'dc' <Predicate = true> <Delay = 7.29> <CoreInst = "DAddSub_fulldsp">   --->   Core 37 'DAddSub_fulldsp' <Latency = 6> <II = 1> <Delay = 7.29> <FuncUnit> <Opcode : 'dadd' 'dsub'> <InPorts = 2> <OutPorts = 1>

State 27 <SV = 26> <Delay = 7.29>
ST_27 : Operation 87 [1/7] (7.29ns)   --->   "%dc = dadd i64 %add, i64 %mul7" [../../src/rgb2gray.cpp:5]   --->   Operation 87 'dadd' 'dc' <Predicate = true> <Delay = 7.29> <CoreInst = "DAddSub_fulldsp">   --->   Core 37 'DAddSub_fulldsp' <Latency = 6> <II = 1> <Delay = 7.29> <FuncUnit> <Opcode : 'dadd' 'dsub'> <InPorts = 2> <OutPorts = 1>
ST_27 : Operation 88 [1/1] (0.00ns)   --->   "%data_V = bitcast i64 %dc" [/wrk/ci/prod/2022.2/hls_product/continuous/608/2022.2/src/shared/hls/clib/src/hls/utils/x_hls_utils.h:488]   --->   Operation 88 'bitcast' 'data_V' <Predicate = true> <Delay = 0.00>
ST_27 : Operation 89 [1/1] (0.00ns)   --->   "%xs_exp_V = partselect i11 @_ssdm_op_PartSelect.i11.i64.i32.i32, i64 %data_V, i32 52, i32 62"   --->   Operation 89 'partselect' 'xs_exp_V' <Predicate = true> <Delay = 0.00>
ST_27 : Operation 90 [1/1] (0.00ns)   --->   "%p_Result_s = trunc i64 %data_V"   --->   Operation 90 'trunc' 'p_Result_s' <Predicate = true> <Delay = 0.00>

State 28 <SV = 27> <Delay = 6.94>
ST_28 : Operation 91 [1/1] (0.00ns)   --->   "%mantissa = bitconcatenate i54 @_ssdm_op_BitConcatenate.i54.i1.i52.i1, i1 1, i52 %p_Result_s, i1 0" [/wrk/ci/prod/2022.2/hls_product/continuous/608/2022.2/src/shared/hls/clib/hlsmath/include/FloatingPoint/hls_case_IEEE754.h:68]   --->   Operation 91 'bitconcatenate' 'mantissa' <Predicate = true> <Delay = 0.00>
ST_28 : Operation 92 [1/1] (0.00ns)   --->   "%zext_ln68 = zext i54 %mantissa" [/wrk/ci/prod/2022.2/hls_product/continuous/608/2022.2/src/shared/hls/clib/hlsmath/include/FloatingPoint/hls_case_IEEE754.h:68]   --->   Operation 92 'zext' 'zext_ln68' <Predicate = true> <Delay = 0.00>
ST_28 : Operation 93 [1/1] (0.00ns)   --->   "%zext_ln515 = zext i11 %xs_exp_V" [/wrk/ci/prod/2022.2/hls_product/continuous/608/2022.2/src/shared/hls/clib/src/hls/utils/x_hls_utils.h:515]   --->   Operation 93 'zext' 'zext_ln515' <Predicate = true> <Delay = 0.00>
ST_28 : Operation 94 [1/1] (1.63ns)   --->   "%add_ln515 = add i12 %zext_ln515, i12 3073" [/wrk/ci/prod/2022.2/hls_product/continuous/608/2022.2/src/shared/hls/clib/src/hls/utils/x_hls_utils.h:515]   --->   Operation 94 'add' 'add_ln515' <Predicate = true> <Delay = 1.63> <CoreInst = "Adder">   --->   Core 1 'Adder' <Latency = 0> <II = 1> <Delay = 1.54> <FuncUnit> <Opcode : 'add' 'sub'> <InPorts = 2> <OutPorts = 1>
ST_28 : Operation 95 [1/1] (0.00ns)   --->   "%isNeg = bitselect i1 @_ssdm_op_BitSelect.i1.i12.i32, i12 %add_ln515, i32 11"   --->   Operation 95 'bitselect' 'isNeg' <Predicate = true> <Delay = 0.00>
ST_28 : Operation 96 [1/1] (1.63ns)   --->   "%sub_ln1512 = sub i11 1023, i11 %xs_exp_V"   --->   Operation 96 'sub' 'sub_ln1512' <Predicate = true> <Delay = 1.63> <CoreInst = "Adder">   --->   Core 1 'Adder' <Latency = 0> <II = 1> <Delay = 1.63> <FuncUnit> <Opcode : 'add' 'sub'> <InPorts = 2> <OutPorts = 1>
ST_28 : Operation 97 [1/1] (0.00ns)   --->   "%sext_ln1512 = sext i11 %sub_ln1512"   --->   Operation 97 'sext' 'sext_ln1512' <Predicate = true> <Delay = 0.00>
ST_28 : Operation 98 [1/1] (0.69ns)   --->   "%ush = select i1 %isNeg, i12 %sext_ln1512, i12 %add_ln515"   --->   Operation 98 'select' 'ush' <Predicate = true> <Delay = 0.69> <CoreInst = "Sel">   --->   Core 73 'Sel' <Latency = 0> <II = 1> <Delay = 0.69> <FuncUnit> <Opcode : 'select'> <InPorts = 3> <OutPorts = 1>
ST_28 : Operation 99 [1/1] (0.00ns)   --->   "%sext_ln1488 = sext i12 %ush"   --->   Operation 99 'sext' 'sext_ln1488' <Predicate = true> <Delay = 0.00>
ST_28 : Operation 100 [1/1] (0.00ns)   --->   "%zext_ln1488 = zext i32 %sext_ln1488"   --->   Operation 100 'zext' 'zext_ln1488' <Predicate = true> <Delay = 0.00>
ST_28 : Operation 101 [1/1] (0.00ns) (grouped into LUT with out node val)   --->   "%r_V = lshr i113 %zext_ln68, i113 %zext_ln1488"   --->   Operation 101 'lshr' 'r_V' <Predicate = true> <Delay = 0.00> <CoreInst = "Shifter">   --->   Core 75 'Shifter' <Latency = 0> <II = 1> <Delay = 4.90> <FuncUnit> <Opcode : 'shl' 'lshr' 'ashr'> <InPorts = 2> <OutPorts = 1>
ST_28 : Operation 102 [1/1] (0.00ns) (grouped into LUT with out node val)   --->   "%r_V_1 = shl i113 %zext_ln68, i113 %zext_ln1488"   --->   Operation 102 'shl' 'r_V_1' <Predicate = true> <Delay = 0.00> <CoreInst = "Shifter">   --->   Core 75 'Shifter' <Latency = 0> <II = 1> <Delay = 4.90> <FuncUnit> <Opcode : 'shl' 'lshr' 'ashr'> <InPorts = 2> <OutPorts = 1>
ST_28 : Operation 103 [1/1] (0.00ns) (grouped into LUT with out node val)   --->   "%tmp = bitselect i1 @_ssdm_op_BitSelect.i1.i113.i32, i113 %r_V, i32 53"   --->   Operation 103 'bitselect' 'tmp' <Predicate = true> <Delay = 0.00>
ST_28 : Operation 104 [1/1] (0.00ns) (grouped into LUT with out node val)   --->   "%zext_ln818 = zext i1 %tmp"   --->   Operation 104 'zext' 'zext_ln818' <Predicate = true> <Delay = 0.00>
ST_28 : Operation 105 [1/1] (0.00ns) (grouped into LUT with out node val)   --->   "%tmp_1 = partselect i8 @_ssdm_op_PartSelect.i8.i113.i32.i32, i113 %r_V_1, i32 53, i32 60"   --->   Operation 105 'partselect' 'tmp_1' <Predicate = true> <Delay = 0.00>
ST_28 : Operation 106 [1/1] (4.61ns) (out node of the LUT)   --->   "%val = select i1 %isNeg, i8 %zext_ln818, i8 %tmp_1"   --->   Operation 106 'select' 'val' <Predicate = true> <Delay = 4.61> <CoreInst = "Sel">   --->   Core 73 'Sel' <Latency = 0> <II = 1> <Delay = 1.24> <FuncUnit> <Opcode : 'select'> <InPorts = 3> <OutPorts = 1>
ST_28 : Operation 107 [1/1] (0.00ns)   --->   "%ret_ln5 = ret i8 %val" [../../src/rgb2gray.cpp:5]   --->   Operation 107 'ret' 'ret_ln5' <Predicate = true> <Delay = 0.00>


============================================================
+ Verbose Summary: Binding
============================================================
STG Binding: 
---------------- STG Properties BEGIN ----------------
- Is combinational: 0
- Is one-state seq: 0
- Is datapath-only: 1
- Is pipelined: 1
- Is top level: 0
Port [ Return ] is wired: 1; IO mode=ap_ctrl_hs:ce=0
Port [ rgb_val_r]:  wired=1; compound=0; hidden=0; nouse=0; global=0; static=0; extern=0; dir=0; type=0; pingpong=0; private_global=0; IO mode=ap_none:ce=0
Port [ rgb_val_g]:  wired=1; compound=0; hidden=0; nouse=0; global=0; static=0; extern=0; dir=0; type=0; pingpong=0; private_global=0; IO mode=ap_none:ce=0
Port [ rgb_val_b]:  wired=1; compound=0; hidden=0; nouse=0; global=0; static=0; extern=0; dir=0; type=0; pingpong=0; private_global=0; IO mode=ap_none:ce=0
---------------- STG Properties END ------------------

---------------- Datapath Model BEGIN ----------------

<LifeTime>
<method=bitvector/>
rgb_val_b_read (read          ) [ 01111111100000000000000000000]
rgb_val_g_read (read          ) [ 00000000000000000000000000000]
rgb_val_r_read (read          ) [ 00000000000000000000000000000]
zext_ln5       (zext          ) [ 01111110000000000000000000000]
zext_ln5_1     (zext          ) [ 01111110000000000000000000000]
conv1          (sitodp        ) [ 01000001111111000000000000000]
conv3          (sitodp        ) [ 01000001111111000000000000000]
zext_ln5_2     (zext          ) [ 01000000011111000000000000000]
mul            (dmul          ) [ 01000000000000111111100000000]
mul4           (dmul          ) [ 01000000000000111111100000000]
conv6          (sitodp        ) [ 01000000000000111111100000000]
add            (dadd          ) [ 01000000000000000000011111110]
mul7           (dmul          ) [ 01000000000000000000011111110]
dc             (dadd          ) [ 00000000000000000000000000000]
data_V         (bitcast       ) [ 00000000000000000000000000000]
xs_exp_V       (partselect    ) [ 01000000000000000000000000001]
p_Result_s     (trunc         ) [ 01000000000000000000000000001]
mantissa       (bitconcatenate) [ 00000000000000000000000000000]
zext_ln68      (zext          ) [ 00000000000000000000000000000]
zext_ln515     (zext          ) [ 00000000000000000000000000000]
add_ln515      (add           ) [ 00000000000000000000000000000]
isNeg          (bitselect     ) [ 00000000000000000000000000000]
sub_ln1512     (sub           ) [ 00000000000000000000000000000]
sext_ln1512    (sext          ) [ 00000000000000000000000000000]
ush            (select        ) [ 00000000000000000000000000000]
sext_ln1488    (sext          ) [ 00000000000000000000000000000]
zext_ln1488    (zext          ) [ 00000000000000000000000000000]
r_V            (lshr          ) [ 00000000000000000000000000000]
r_V_1          (shl           ) [ 00000000000000000000000000000]
tmp            (bitselect     ) [ 00000000000000000000000000000]
zext_ln818     (zext          ) [ 00000000000000000000000000000]
tmp_1          (partselect    ) [ 00000000000000000000000000000]
val            (select        ) [ 00000000000000000000000000000]
ret_ln5        (ret           ) [ 00000000000000000000000000000]
</LifeTime>

<model>

<comp_list>
<comp id="0" class="1000" name="rgb_val_r">
<pin_list>
<pin id="1" dir="1" index="0" bw="1" slack="0"/>
</pin_list>
<bind>
<StgValue><ssdm name="rgb_val_r"/></StgValue>
</bind>
</comp>

<comp id="2" class="1000" name="rgb_val_g">
<pin_list>
<pin id="3" dir="1" index="0" bw="1" slack="0"/>
</pin_list>
<bind>
<StgValue><ssdm name="rgb_val_g"/></StgValue>
</bind>
</comp>

<comp id="4" class="1000" name="rgb_val_b">
<pin_list>
<pin id="5" dir="1" index="0" bw="1" slack="0"/>
</pin_list>
<bind>
<StgValue><ssdm name="rgb_val_b"/></StgValue>
</bind>
</comp>

<comp id="6" class="1001" name="const_6">
<pin_list>
<pin id="7" dir="1" index="0" bw="1" slack="0"/>
</pin_list>
<bind>
<StgValue><ssdm name="_ssdm_op_Read.ap_auto.i8"/></StgValue>
</bind>
</comp>

<comp id="8" class="1001" name="const_8">
<pin_list>
<pin id="9" dir="1" index="0" bw="1" slack="0"/>
</pin_list>
<bind>
<StgValue><ssdm name=""/></StgValue>
</bind>
</comp>

<comp id="10" class="1001" name="const_10">
<pin_list>
<pin id="11" dir="1" index="0" bw="1" slack="0"/>
</pin_list>
<bind>
<StgValue><ssdm name=""/></StgValue>
</bind>
</comp>

<comp id="12" class="1001" name="const_12">
<pin_list>
<pin id="13" dir="1" index="0" bw="1" slack="0"/>
</pin_list>
<bind>
<StgValue><ssdm name=""/></StgValue>
</bind>
</comp>

<comp id="14" class="1001" name="const_14">
<pin_list>
<pin id="15" dir="1" index="0" bw="1" slack="0"/>
</pin_list>
<bind>
<StgValue><ssdm name="_ssdm_op_PartSelect.i11.i64.i32.i32"/></StgValue>
</bind>
</comp>

<comp id="16" class="1001" name="const_16">
<pin_list>
<pin id="17" dir="1" index="0" bw="1" slack="0"/>
</pin_list>
<bind>
<StgValue><ssdm name=""/></StgValue>
</bind>
</comp>

<comp id="18" class="1001" name="const_18">
<pin_list>
<pin id="19" dir="1" index="0" bw="1" slack="0"/>
</pin_list>
<bind>
<StgValue><ssdm name=""/></StgValue>
</bind>
</comp>

<comp id="20" class="1001" name="const_20">
<pin_list>
<pin id="21" dir="1" index="0" bw="1" slack="0"/>
</pin_list>
<bind>
<StgValue><ssdm name="_ssdm_op_BitConcatenate.i54.i1.i52.i1"/></StgValue>
</bind>
</comp>

<comp id="22" class="1001" name="const_22">
<pin_list>
<pin id="23" dir="1" index="0" bw="1" slack="0"/>
</pin_list>
<bind>
<StgValue><ssdm name=""/></StgValue>
</bind>
</comp>

<comp id="24" class="1001" name="const_24">
<pin_list>
<pin id="25" dir="1" index="0" bw="1" slack="0"/>
</pin_list>
<bind>
<StgValue><ssdm name=""/></StgValue>
</bind>
</comp>

<comp id="26" class="1001" name="const_26">
<pin_list>
<pin id="27" dir="1" index="0" bw="1" slack="0"/>
</pin_list>
<bind>
<StgValue><ssdm name=""/></StgValue>
</bind>
</comp>

<comp id="28" class="1001" name="const_28">
<pin_list>
<pin id="29" dir="1" index="0" bw="1" slack="0"/>
</pin_list>
<bind>
<StgValue><ssdm name="_ssdm_op_BitSelect.i1.i12.i32"/></StgValue>
</bind>
</comp>

<comp id="30" class="1001" name="const_30">
<pin_list>
<pin id="31" dir="1" index="0" bw="1" slack="0"/>
</pin_list>
<bind>
<StgValue><ssdm name=""/></StgValue>
</bind>
</comp>

<comp id="32" class="1001" name="const_32">
<pin_list>
<pin id="33" dir="1" index="0" bw="1" slack="0"/>
</pin_list>
<bind>
<StgValue><ssdm name=""/></StgValue>
</bind>
</comp>

<comp id="34" class="1001" name="const_34">
<pin_list>
<pin id="35" dir="1" index="0" bw="1" slack="0"/>
</pin_list>
<bind>
<StgValue><ssdm name="_ssdm_op_BitSelect.i1.i113.i32"/></StgValue>
</bind>
</comp>

<comp id="36" class="1001" name="const_36">
<pin_list>
<pin id="37" dir="1" index="0" bw="1" slack="0"/>
</pin_list>
<bind>
<StgValue><ssdm name=""/></StgValue>
</bind>
</comp>

<comp id="38" class="1001" name="const_38">
<pin_list>
<pin id="39" dir="1" index="0" bw="1" slack="0"/>
</pin_list>
<bind>
<StgValue><ssdm name="_ssdm_op_PartSelect.i8.i113.i32.i32"/></StgValue>
</bind>
</comp>

<comp id="40" class="1001" name="const_40">
<pin_list>
<pin id="41" dir="1" index="0" bw="1" slack="0"/>
</pin_list>
<bind>
<StgValue><ssdm name=""/></StgValue>
</bind>
</comp>

<comp id="42" class="1004" name="rgb_val_b_read_read_fu_42">
<pin_list>
<pin id="43" dir="0" index="0" bw="8" slack="0"/>
<pin id="44" dir="0" index="1" bw="8" slack="0"/>
<pin id="45" dir="1" index="2" bw="8" slack="7"/>
</pin_list>
<bind>
<opcode="read(1150) " fcode="read"/>
<opset="rgb_val_b_read/1 "/>
</bind>
</comp>

<comp id="48" class="1004" name="rgb_val_g_read_read_fu_48">
<pin_list>
<pin id="49" dir="0" index="0" bw="8" slack="0"/>
<pin id="50" dir="0" index="1" bw="8" slack="0"/>
<pin id="51" dir="1" index="2" bw="8" slack="0"/>
</pin_list>
<bind>
<opcode="read(1150) " fcode="read"/>
<opset="rgb_val_g_read/1 "/>
</bind>
</comp>

<comp id="54" class="1004" name="rgb_val_r_read_read_fu_54">
<pin_list>
<pin id="55" dir="0" index="0" bw="8" slack="0"/>
<pin id="56" dir="0" index="1" bw="8" slack="0"/>
<pin id="57" dir="1" index="2" bw="8" slack="0"/>
</pin_list>
<bind>
<opcode="read(1150) " fcode="read"/>
<opset="rgb_val_r_read/1 "/>
</bind>
</comp>

<comp id="60" class="1004" name="grp_fu_60">
<pin_list>
<pin id="61" dir="0" index="0" bw="64" slack="1"/>
<pin id="62" dir="0" index="1" bw="64" slack="1"/>
<pin id="63" dir="1" index="2" bw="64" slack="1"/>
</pin_list>
<bind>
<opcode="dadd(508) " fcode="dadd"/>
<opset="add/14 "/>
</bind>
</comp>

<comp id="64" class="1004" name="grp_fu_64">
<pin_list>
<pin id="65" dir="0" index="0" bw="64" slack="1"/>
<pin id="66" dir="0" index="1" bw="64" slack="1"/>
<pin id="67" dir="1" index="2" bw="64" slack="0"/>
</pin_list>
<bind>
<opcode="dadd(508) " fcode="dadd"/>
<opset="dc/21 "/>
</bind>
</comp>

<comp id="68" class="1004" name="grp_fu_68">
<pin_list>
<pin id="69" dir="0" index="0" bw="64" slack="1"/>
<pin id="70" dir="0" index="1" bw="64" slack="0"/>
<pin id="71" dir="1" index="2" bw="64" slack="1"/>
</pin_list>
<bind>
<opcode="dmul(510) " fcode="dmul"/>
<opset="mul/7 "/>
</bind>
</comp>

<comp id="73" class="1004" name="grp_fu_73">
<pin_list>
<pin id="74" dir="0" index="0" bw="64" slack="1"/>
<pin id="75" dir="0" index="1" bw="64" slack="0"/>
<pin id="76" dir="1" index="2" bw="64" slack="1"/>
</pin_list>
<bind>
<opcode="dmul(510) " fcode="dmul"/>
<opset="mul4/7 "/>
</bind>
</comp>

<comp id="78" class="1004" name="grp_fu_78">
<pin_list>
<pin id="79" dir="0" index="0" bw="64" slack="1"/>
<pin id="80" dir="0" index="1" bw="64" slack="0"/>
<pin id="81" dir="1" index="2" bw="64" slack="1"/>
</pin_list>
<bind>
<opcode="dmul(510) " fcode="dmul"/>
<opset="mul7/14 "/>
</bind>
</comp>

<comp id="83" class="1004" name="grp_fu_83">
<pin_list>
<pin id="84" dir="0" index="0" bw="8" slack="0"/>
<pin id="85" dir="1" index="1" bw="64" slack="1"/>
</pin_list>
<bind>
<opcode="sitodp(517) " fcode="sitodp"/>
<opset="conv1/1 "/>
</bind>
</comp>

<comp id="86" class="1004" name="grp_fu_86">
<pin_list>
<pin id="87" dir="0" index="0" bw="8" slack="0"/>
<pin id="88" dir="1" index="1" bw="64" slack="1"/>
</pin_list>
<bind>
<opcode="sitodp(517) " fcode="sitodp"/>
<opset="conv3/1 "/>
</bind>
</comp>

<comp id="89" class="1004" name="grp_fu_89">
<pin_list>
<pin id="90" dir="0" index="0" bw="8" slack="0"/>
<pin id="91" dir="1" index="1" bw="64" slack="1"/>
</pin_list>
<bind>
<opcode="sitodp(517) " fcode="sitodp"/>
<opset="conv6/8 "/>
</bind>
</comp>

<comp id="92" class="1004" name="zext_ln5_fu_92">
<pin_list>
<pin id="93" dir="0" index="0" bw="8" slack="0"/>
<pin id="94" dir="1" index="1" bw="32" slack="0"/>
</pin_list>
<bind>
<opcode="zext(34) " fcode="zext"/>
<opset="zext_ln5/1 "/>
</bind>
</comp>

<comp id="97" class="1004" name="zext_ln5_1_fu_97">
<pin_list>
<pin id="98" dir="0" index="0" bw="8" slack="0"/>
<pin id="99" dir="1" index="1" bw="32" slack="0"/>
</pin_list>
<bind>
<opcode="zext(34) " fcode="zext"/>
<opset="zext_ln5_1/1 "/>
</bind>
</comp>

<comp id="102" class="1004" name="zext_ln5_2_fu_102">
<pin_list>
<pin id="103" dir="0" index="0" bw="8" slack="7"/>
<pin id="104" dir="1" index="1" bw="32" slack="0"/>
</pin_list>
<bind>
<opcode="zext(34) " fcode="zext"/>
<opset="zext_ln5_2/8 "/>
</bind>
</comp>

<comp id="106" class="1004" name="data_V_fu_106">
<pin_list>
<pin id="107" dir="0" index="0" bw="64" slack="0"/>
<pin id="108" dir="1" index="1" bw="64" slack="0"/>
</pin_list>
<bind>
<opcode="bitcast(44) " fcode="bitcast"/>
<opset="data_V/27 "/>
</bind>
</comp>

<comp id="110" class="1004" name="xs_exp_V_fu_110">
<pin_list>
<pin id="111" dir="0" index="0" bw="11" slack="0"/>
<pin id="112" dir="0" index="1" bw="64" slack="0"/>
<pin id="113" dir="0" index="2" bw="7" slack="0"/>
<pin id="114" dir="0" index="3" bw="7" slack="0"/>
<pin id="115" dir="1" index="4" bw="11" slack="1"/>
</pin_list>
<bind>
<opcode="partselect(1002) " fcode="partselect"/>
<opset="xs_exp_V/27 "/>
</bind>
</comp>

<comp id="120" class="1004" name="p_Result_s_fu_120">
<pin_list>
<pin id="121" dir="0" index="0" bw="64" slack="0"/>
<pin id="122" dir="1" index="1" bw="52" slack="1"/>
</pin_list>
<bind>
<opcode="trunc(33) " fcode="trunc"/>
<opset="p_Result_s/27 "/>
</bind>
</comp>

<comp id="124" class="1004" name="mantissa_fu_124">
<pin_list>
<pin id="125" dir="0" index="0" bw="54" slack="0"/>
<pin id="126" dir="0" index="1" bw="1" slack="0"/>
<pin id="127" dir="0" index="2" bw="52" slack="1"/>
<pin id="128" dir="0" index="3" bw="1" slack="0"/>
<pin id="129" dir="1" index="4" bw="54" slack="0"/>
</pin_list>
<bind>
<opcode="bitconcatenate(1004) " fcode="bitconcatenate"/>
<opset="mantissa/28 "/>
</bind>
</comp>

<comp id="133" class="1004" name="zext_ln68_fu_133">
<pin_list>
<pin id="134" dir="0" index="0" bw="54" slack="0"/>
<pin id="135" dir="1" index="1" bw="113" slack="0"/>
</pin_list>
<bind>
<opcode="zext(34) " fcode="zext"/>
<opset="zext_ln68/28 "/>
</bind>
</comp>

<comp id="137" class="1004" name="zext_ln515_fu_137">
<pin_list>
<pin id="138" dir="0" index="0" bw="11" slack="1"/>
<pin id="139" dir="1" index="1" bw="12" slack="0"/>
</pin_list>
<bind>
<opcode="zext(34) " fcode="zext"/>
<opset="zext_ln515/28 "/>
</bind>
</comp>

<comp id="140" class="1004" name="add_ln515_fu_140">
<pin_list>
<pin id="141" dir="0" index="0" bw="11" slack="0"/>
<pin id="142" dir="0" index="1" bw="11" slack="0"/>
<pin id="143" dir="1" index="2" bw="12" slack="0"/>
</pin_list>
<bind>
<opcode="add(8) " fcode="add"/>
<opset="add_ln515/28 "/>
</bind>
</comp>

<comp id="146" class="1004" name="isNeg_fu_146">
<pin_list>
<pin id="147" dir="0" index="0" bw="1" slack="0"/>
<pin id="148" dir="0" index="1" bw="12" slack="0"/>
<pin id="149" dir="0" index="2" bw="5" slack="0"/>
<pin id="150" dir="1" index="3" bw="1" slack="0"/>
</pin_list>
<bind>
<opcode="bitselect(1000) " fcode="bitselect"/>
<opset="isNeg/28 "/>
</bind>
</comp>

<comp id="154" class="1004" name="sub_ln1512_fu_154">
<pin_list>
<pin id="155" dir="0" index="0" bw="11" slack="0"/>
<pin id="156" dir="0" index="1" bw="11" slack="1"/>
<pin id="157" dir="1" index="2" bw="11" slack="0"/>
</pin_list>
<bind>
<opcode="sub(10) " fcode="sub"/>
<opset="sub_ln1512/28 "/>
</bind>
</comp>

<comp id="159" class="1004" name="sext_ln1512_fu_159">
<pin_list>
<pin id="160" dir="0" index="0" bw="11" slack="0"/>
<pin id="161" dir="1" index="1" bw="12" slack="0"/>
</pin_list>
<bind>
<opcode="sext(35) " fcode="sext"/>
<opset="sext_ln1512/28 "/>
</bind>
</comp>

<comp id="163" class="1004" name="ush_fu_163">
<pin_list>
<pin id="164" dir="0" index="0" bw="1" slack="0"/>
<pin id="165" dir="0" index="1" bw="12" slack="0"/>
<pin id="166" dir="0" index="2" bw="12" slack="0"/>
<pin id="167" dir="1" index="3" bw="12" slack="0"/>
</pin_list>
<bind>
<opcode="select(49) " fcode="select"/>
<opset="ush/28 "/>
</bind>
</comp>

<comp id="171" class="1004" name="sext_ln1488_fu_171">
<pin_list>
<pin id="172" dir="0" index="0" bw="12" slack="0"/>
<pin id="173" dir="1" index="1" bw="32" slack="0"/>
</pin_list>
<bind>
<opcode="sext(35) " fcode="sext"/>
<opset="sext_ln1488/28 "/>
</bind>
</comp>

<comp id="175" class="1004" name="zext_ln1488_fu_175">
<pin_list>
<pin id="176" dir="0" index="0" bw="12" slack="0"/>
<pin id="177" dir="1" index="1" bw="113" slack="0"/>
</pin_list>
<bind>
<opcode="zext(34) " fcode="zext"/>
<opset="zext_ln1488/28 "/>
</bind>
</comp>

<comp id="179" class="1004" name="r_V_fu_179">
<pin_list>
<pin id="180" dir="0" index="0" bw="54" slack="0"/>
<pin id="181" dir="0" index="1" bw="32" slack="0"/>
<pin id="182" dir="1" index="2" bw="113" slack="0"/>
</pin_list>
<bind>
<opcode="lshr(21) " fcode="lshr"/>
<opset="r_V/28 "/>
</bind>
</comp>

<comp id="185" class="1004" name="r_V_1_fu_185">
<pin_list>
<pin id="186" dir="0" index="0" bw="54" slack="0"/>
<pin id="187" dir="0" index="1" bw="32" slack="0"/>
<pin id="188" dir="1" index="2" bw="113" slack="0"/>
</pin_list>
<bind>
<opcode="shl(20) " fcode="shl"/>
<opset="r_V_1/28 "/>
</bind>
</comp>

<comp id="191" class="1004" name="tmp_fu_191">
<pin_list>
<pin id="192" dir="0" index="0" bw="1" slack="0"/>
<pin id="193" dir="0" index="1" bw="113" slack="0"/>
<pin id="194" dir="0" index="2" bw="7" slack="0"/>
<pin id="195" dir="1" index="3" bw="1" slack="0"/>
</pin_list>
<bind>
<opcode="bitselect(1000) " fcode="bitselect"/>
<opset="tmp/28 "/>
</bind>
</comp>

<comp id="199" class="1004" name="zext_ln818_fu_199">
<pin_list>
<pin id="200" dir="0" index="0" bw="1" slack="0"/>
<pin id="201" dir="1" index="1" bw="8" slack="0"/>
</pin_list>
<bind>
<opcode="zext(34) " fcode="zext"/>
<opset="zext_ln818/28 "/>
</bind>
</comp>

<comp id="203" class="1004" name="tmp_1_fu_203">
<pin_list>
<pin id="204" dir="0" index="0" bw="8" slack="0"/>
<pin id="205" dir="0" index="1" bw="113" slack="0"/>
<pin id="206" dir="0" index="2" bw="7" slack="0"/>
<pin id="207" dir="0" index="3" bw="7" slack="0"/>
<pin id="208" dir="1" index="4" bw="8" slack="0"/>
</pin_list>
<bind>
<opcode="partselect(1002) " fcode="partselect"/>
<opset="tmp_1/28 "/>
</bind>
</comp>

<comp id="213" class="1004" name="val_fu_213">
<pin_list>
<pin id="214" dir="0" index="0" bw="1" slack="0"/>
<pin id="215" dir="0" index="1" bw="8" slack="0"/>
<pin id="216" dir="0" index="2" bw="8" slack="0"/>
<pin id="217" dir="1" index="3" bw="8" slack="2147483647"/>
</pin_list>
<bind>
<opcode="select(49) " fcode="select"/>
<opset="val/28 "/>
</bind>
</comp>

<comp id="221" class="1005" name="rgb_val_b_read_reg_221">
<pin_list>
<pin id="222" dir="0" index="0" bw="8" slack="7"/>
<pin id="223" dir="1" index="1" bw="8" slack="7"/>
</pin_list>
<bind>
<opset="rgb_val_b_read "/>
</bind>
</comp>

<comp id="226" class="1005" name="zext_ln5_reg_226">
<pin_list>
<pin id="227" dir="0" index="0" bw="32" slack="1"/>
<pin id="228" dir="1" index="1" bw="32" slack="1"/>
</pin_list>
<bind>
<opset="zext_ln5 "/>
</bind>
</comp>

<comp id="231" class="1005" name="zext_ln5_1_reg_231">
<pin_list>
<pin id="232" dir="0" index="0" bw="32" slack="1"/>
<pin id="233" dir="1" index="1" bw="32" slack="1"/>
</pin_list>
<bind>
<opset="zext_ln5_1 "/>
</bind>
</comp>

<comp id="236" class="1005" name="conv1_reg_236">
<pin_list>
<pin id="237" dir="0" index="0" bw="64" slack="1"/>
<pin id="238" dir="1" index="1" bw="64" slack="1"/>
</pin_list>
<bind>
<opset="conv1 "/>
</bind>
</comp>

<comp id="241" class="1005" name="conv3_reg_241">
<pin_list>
<pin id="242" dir="0" index="0" bw="64" slack="1"/>
<pin id="243" dir="1" index="1" bw="64" slack="1"/>
</pin_list>
<bind>
<opset="conv3 "/>
</bind>
</comp>

<comp id="246" class="1005" name="zext_ln5_2_reg_246">
<pin_list>
<pin id="247" dir="0" index="0" bw="32" slack="1"/>
<pin id="248" dir="1" index="1" bw="32" slack="1"/>
</pin_list>
<bind>
<opset="zext_ln5_2 "/>
</bind>
</comp>

<comp id="251" class="1005" name="mul_reg_251">
<pin_list>
<pin id="252" dir="0" index="0" bw="64" slack="1"/>
<pin id="253" dir="1" index="1" bw="64" slack="1"/>
</pin_list>
<bind>
<opset="mul "/>
</bind>
</comp>

<comp id="256" class="1005" name="mul4_reg_256">
<pin_list>
<pin id="257" dir="0" index="0" bw="64" slack="1"/>
<pin id="258" dir="1" index="1" bw="64" slack="1"/>
</pin_list>
<bind>
<opset="mul4 "/>
</bind>
</comp>

<comp id="261" class="1005" name="conv6_reg_261">
<pin_list>
<pin id="262" dir="0" index="0" bw="64" slack="1"/>
<pin id="263" dir="1" index="1" bw="64" slack="1"/>
</pin_list>
<bind>
<opset="conv6 "/>
</bind>
</comp>

<comp id="266" class="1005" name="add_reg_266">
<pin_list>
<pin id="267" dir="0" index="0" bw="64" slack="1"/>
<pin id="268" dir="1" index="1" bw="64" slack="1"/>
</pin_list>
<bind>
<opset="add "/>
</bind>
</comp>

<comp id="271" class="1005" name="mul7_reg_271">
<pin_list>
<pin id="272" dir="0" index="0" bw="64" slack="1"/>
<pin id="273" dir="1" index="1" bw="64" slack="1"/>
</pin_list>
<bind>
<opset="mul7 "/>
</bind>
</comp>

<comp id="276" class="1005" name="xs_exp_V_reg_276">
<pin_list>
<pin id="277" dir="0" index="0" bw="11" slack="1"/>
<pin id="278" dir="1" index="1" bw="11" slack="1"/>
</pin_list>
<bind>
<opset="xs_exp_V "/>
</bind>
</comp>

<comp id="282" class="1005" name="p_Result_s_reg_282">
<pin_list>
<pin id="283" dir="0" index="0" bw="52" slack="1"/>
<pin id="284" dir="1" index="1" bw="52" slack="1"/>
</pin_list>
<bind>
<opset="p_Result_s "/>
</bind>
</comp>

</comp_list>

<net_list>
<net id="46"><net_src comp="6" pin="0"/><net_sink comp="42" pin=0"/></net>

<net id="47"><net_src comp="4" pin="0"/><net_sink comp="42" pin=1"/></net>

<net id="52"><net_src comp="6" pin="0"/><net_sink comp="48" pin=0"/></net>

<net id="53"><net_src comp="2" pin="0"/><net_sink comp="48" pin=1"/></net>

<net id="58"><net_src comp="6" pin="0"/><net_sink comp="54" pin=0"/></net>

<net id="59"><net_src comp="0" pin="0"/><net_sink comp="54" pin=1"/></net>

<net id="72"><net_src comp="8" pin="0"/><net_sink comp="68" pin=1"/></net>

<net id="77"><net_src comp="10" pin="0"/><net_sink comp="73" pin=1"/></net>

<net id="82"><net_src comp="12" pin="0"/><net_sink comp="78" pin=1"/></net>

<net id="95"><net_src comp="54" pin="2"/><net_sink comp="92" pin=0"/></net>

<net id="96"><net_src comp="92" pin="1"/><net_sink comp="83" pin=0"/></net>

<net id="100"><net_src comp="48" pin="2"/><net_sink comp="97" pin=0"/></net>

<net id="101"><net_src comp="97" pin="1"/><net_sink comp="86" pin=0"/></net>

<net id="105"><net_src comp="102" pin="1"/><net_sink comp="89" pin=0"/></net>

<net id="109"><net_src comp="64" pin="2"/><net_sink comp="106" pin=0"/></net>

<net id="116"><net_src comp="14" pin="0"/><net_sink comp="110" pin=0"/></net>

<net id="117"><net_src comp="106" pin="1"/><net_sink comp="110" pin=1"/></net>

<net id="118"><net_src comp="16" pin="0"/><net_sink comp="110" pin=2"/></net>

<net id="119"><net_src comp="18" pin="0"/><net_sink comp="110" pin=3"/></net>

<net id="123"><net_src comp="106" pin="1"/><net_sink comp="120" pin=0"/></net>

<net id="130"><net_src comp="20" pin="0"/><net_sink comp="124" pin=0"/></net>

<net id="131"><net_src comp="22" pin="0"/><net_sink comp="124" pin=1"/></net>

<net id="132"><net_src comp="24" pin="0"/><net_sink comp="124" pin=3"/></net>

<net id="136"><net_src comp="124" pin="4"/><net_sink comp="133" pin=0"/></net>

<net id="144"><net_src comp="137" pin="1"/><net_sink comp="140" pin=0"/></net>

<net id="145"><net_src comp="26" pin="0"/><net_sink comp="140" pin=1"/></net>

<net id="151"><net_src comp="28" pin="0"/><net_sink comp="146" pin=0"/></net>

<net id="152"><net_src comp="140" pin="2"/><net_sink comp="146" pin=1"/></net>

<net id="153"><net_src comp="30" pin="0"/><net_sink comp="146" pin=2"/></net>

<net id="158"><net_src comp="32" pin="0"/><net_sink comp="154" pin=0"/></net>

<net id="162"><net_src comp="154" pin="2"/><net_sink comp="159" pin=0"/></net>

<net id="168"><net_src comp="146" pin="3"/><net_sink comp="163" pin=0"/></net>

<net id="169"><net_src comp="159" pin="1"/><net_sink comp="163" pin=1"/></net>

<net id="170"><net_src comp="140" pin="2"/><net_sink comp="163" pin=2"/></net>

<net id="174"><net_src comp="163" pin="3"/><net_sink comp="171" pin=0"/></net>

<net id="178"><net_src comp="171" pin="1"/><net_sink comp="175" pin=0"/></net>

<net id="183"><net_src comp="133" pin="1"/><net_sink comp="179" pin=0"/></net>

<net id="184"><net_src comp="175" pin="1"/><net_sink comp="179" pin=1"/></net>

<net id="189"><net_src comp="133" pin="1"/><net_sink comp="185" pin=0"/></net>

<net id="190"><net_src comp="175" pin="1"/><net_sink comp="185" pin=1"/></net>

<net id="196"><net_src comp="34" pin="0"/><net_sink comp="191" pin=0"/></net>

<net id="197"><net_src comp="179" pin="2"/><net_sink comp="191" pin=1"/></net>

<net id="198"><net_src comp="36" pin="0"/><net_sink comp="191" pin=2"/></net>

<net id="202"><net_src comp="191" pin="3"/><net_sink comp="199" pin=0"/></net>

<net id="209"><net_src comp="38" pin="0"/><net_sink comp="203" pin=0"/></net>

<net id="210"><net_src comp="185" pin="2"/><net_sink comp="203" pin=1"/></net>

<net id="211"><net_src comp="36" pin="0"/><net_sink comp="203" pin=2"/></net>

<net id="212"><net_src comp="40" pin="0"/><net_sink comp="203" pin=3"/></net>

<net id="218"><net_src comp="146" pin="3"/><net_sink comp="213" pin=0"/></net>

<net id="219"><net_src comp="199" pin="1"/><net_sink comp="213" pin=1"/></net>

<net id="220"><net_src comp="203" pin="4"/><net_sink comp="213" pin=2"/></net>

<net id="224"><net_src comp="42" pin="2"/><net_sink comp="221" pin=0"/></net>

<net id="225"><net_src comp="221" pin="1"/><net_sink comp="102" pin=0"/></net>

<net id="229"><net_src comp="92" pin="1"/><net_sink comp="226" pin=0"/></net>

<net id="230"><net_src comp="226" pin="1"/><net_sink comp="83" pin=0"/></net>

<net id="234"><net_src comp="97" pin="1"/><net_sink comp="231" pin=0"/></net>

<net id="235"><net_src comp="231" pin="1"/><net_sink comp="86" pin=0"/></net>

<net id="239"><net_src comp="83" pin="1"/><net_sink comp="236" pin=0"/></net>

<net id="240"><net_src comp="236" pin="1"/><net_sink comp="68" pin=0"/></net>

<net id="244"><net_src comp="86" pin="1"/><net_sink comp="241" pin=0"/></net>

<net id="245"><net_src comp="241" pin="1"/><net_sink comp="73" pin=0"/></net>

<net id="249"><net_src comp="102" pin="1"/><net_sink comp="246" pin=0"/></net>

<net id="250"><net_src comp="246" pin="1"/><net_sink comp="89" pin=0"/></net>

<net id="254"><net_src comp="68" pin="2"/><net_sink comp="251" pin=0"/></net>

<net id="255"><net_src comp="251" pin="1"/><net_sink comp="60" pin=0"/></net>

<net id="259"><net_src comp="73" pin="2"/><net_sink comp="256" pin=0"/></net>

<net id="260"><net_src comp="256" pin="1"/><net_sink comp="60" pin=1"/></net>

<net id="264"><net_src comp="89" pin="1"/><net_sink comp="261" pin=0"/></net>

<net id="265"><net_src comp="261" pin="1"/><net_sink comp="78" pin=0"/></net>

<net id="269"><net_src comp="60" pin="2"/><net_sink comp="266" pin=0"/></net>

<net id="270"><net_src comp="266" pin="1"/><net_sink comp="64" pin=0"/></net>

<net id="274"><net_src comp="78" pin="2"/><net_sink comp="271" pin=0"/></net>

<net id="275"><net_src comp="271" pin="1"/><net_sink comp="64" pin=1"/></net>

<net id="279"><net_src comp="110" pin="4"/><net_sink comp="276" pin=0"/></net>

<net id="280"><net_src comp="276" pin="1"/><net_sink comp="137" pin=0"/></net>

<net id="281"><net_src comp="276" pin="1"/><net_sink comp="154" pin=1"/></net>

<net id="285"><net_src comp="120" pin="1"/><net_sink comp="282" pin=0"/></net>

<net id="286"><net_src comp="282" pin="1"/><net_sink comp="124" pin=2"/></net>

</net_list>

</model> 
---------------- Datapath Model END ------------------

* FSMD analyzer results:
  - Output states:
	Port: rgb_val_r | {}
	Port: rgb_val_g | {}
	Port: rgb_val_b | {}
 - Input state : 
	Port: rgb2gray_pixel : rgb_val_r | {1 }
	Port: rgb2gray_pixel : rgb_val_g | {1 }
	Port: rgb2gray_pixel : rgb_val_b | {1 }
  - Chain level:
	State 1
		conv1 : 1
		conv3 : 1
	State 2
	State 3
	State 4
	State 5
	State 6
	State 7
	State 8
		conv6 : 1
	State 9
	State 10
	State 11
	State 12
	State 13
	State 14
	State 15
	State 16
	State 17
	State 18
	State 19
	State 20
	State 21
	State 22
	State 23
	State 24
	State 25
	State 26
	State 27
		data_V : 1
		xs_exp_V : 2
		p_Result_s : 2
	State 28
		zext_ln68 : 1
		add_ln515 : 1
		isNeg : 2
		sext_ln1512 : 1
		ush : 3
		sext_ln1488 : 4
		zext_ln1488 : 5
		r_V : 6
		r_V_1 : 6
		tmp : 7
		zext_ln818 : 8
		tmp_1 : 7
		val : 9
		ret_ln5 : 10


============================================================
+ Verbose Summary: Datapath Resource usage 
============================================================

* Functional unit list:
|----------|---------------------------|---------|---------|---------|
| Operation|      Functional Unit      |   DSP   |    FF   |   LUT   |
|----------|---------------------------|---------|---------|---------|
|   dadd   |         grp_fu_60         |    3    |   630   |   1141  |
|          |         grp_fu_64         |    3    |   630   |   1141  |
|----------|---------------------------|---------|---------|---------|
|          |         grp_fu_68         |    11   |   342   |   586   |
|   dmul   |         grp_fu_73         |    11   |   342   |   586   |
|          |         grp_fu_78         |    11   |   342   |   586   |
|----------|---------------------------|---------|---------|---------|
|   lshr   |         r_V_fu_179        |    0    |    0    |   161   |
|----------|---------------------------|---------|---------|---------|
|    shl   |        r_V_1_fu_185       |    0    |    0    |   161   |
|----------|---------------------------|---------|---------|---------|
|  select  |         ush_fu_163        |    0    |    0    |    12   |
|          |         val_fu_213        |    0    |    0    |    8    |
|----------|---------------------------|---------|---------|---------|
|    add   |      add_ln515_fu_140     |    0    |    0    |    12   |
|----------|---------------------------|---------|---------|---------|
|    sub   |     sub_ln1512_fu_154     |    0    |    0    |    12   |
|----------|---------------------------|---------|---------|---------|
|          | rgb_val_b_read_read_fu_42 |    0    |    0    |    0    |
|   read   | rgb_val_g_read_read_fu_48 |    0    |    0    |    0    |
|          | rgb_val_r_read_read_fu_54 |    0    |    0    |    0    |
|----------|---------------------------|---------|---------|---------|
|          |         grp_fu_83         |    0    |    0    |    0    |
|  sitodp  |         grp_fu_86         |    0    |    0    |    0    |
|          |         grp_fu_89         |    0    |    0    |    0    |
|----------|---------------------------|---------|---------|---------|
|          |       zext_ln5_fu_92      |    0    |    0    |    0    |
|          |      zext_ln5_1_fu_97     |    0    |    0    |    0    |
|          |     zext_ln5_2_fu_102     |    0    |    0    |    0    |
|   zext   |      zext_ln68_fu_133     |    0    |    0    |    0    |
|          |     zext_ln515_fu_137     |    0    |    0    |    0    |
|          |     zext_ln1488_fu_175    |    0    |    0    |    0    |
|          |     zext_ln818_fu_199     |    0    |    0    |    0    |
|----------|---------------------------|---------|---------|---------|
|partselect|      xs_exp_V_fu_110      |    0    |    0    |    0    |
|          |        tmp_1_fu_203       |    0    |    0    |    0    |
|----------|---------------------------|---------|---------|---------|
|   trunc  |     p_Result_s_fu_120     |    0    |    0    |    0    |
|----------|---------------------------|---------|---------|---------|
|bitconcatenate|      mantissa_fu_124      |    0    |    0    |    0    |
|----------|---------------------------|---------|---------|---------|
| bitselect|        isNeg_fu_146       |    0    |    0    |    0    |
|          |         tmp_fu_191        |    0    |    0    |    0    |
|----------|---------------------------|---------|---------|---------|
|   sext   |     sext_ln1512_fu_159    |    0    |    0    |    0    |
|          |     sext_ln1488_fu_171    |    0    |    0    |    0    |
|----------|---------------------------|---------|---------|---------|
|   Total  |                           |    39   |   2286  |   4406  |
|----------|---------------------------|---------|---------|---------|

Memories:
N/A

* Register list:
+----------------------+--------+
|                      |   FF   |
+----------------------+--------+
|      add_reg_266     |   64   |
|     conv1_reg_236    |   64   |
|     conv3_reg_241    |   64   |
|     conv6_reg_261    |   64   |
|     mul4_reg_256     |   64   |
|     mul7_reg_271     |   64   |
|      mul_reg_251     |   64   |
|  p_Result_s_reg_282  |   52   |
|rgb_val_b_read_reg_221|    8   |
|   xs_exp_V_reg_276   |   11   |
|  zext_ln5_1_reg_231  |   32   |
|  zext_ln5_2_reg_246  |   32   |
|   zext_ln5_reg_226   |   32   |
+----------------------+--------+
|         Total        |   615  |
+----------------------+--------+

* Multiplexer (MUX) list: 
|-----------|------|------|------|--------||---------||---------|
|    Comp   |  Pin | Size |  BW  | S x BW ||  Delay  ||   LUT   |
|-----------|------|------|------|--------||---------||---------|
| grp_fu_83 |  p0  |   2  |   8  |   16   ||    9    |
| grp_fu_86 |  p0  |   2  |   8  |   16   ||    9    |
| grp_fu_89 |  p0  |   2  |   8  |   16   ||    9    |
|-----------|------|------|------|--------||---------||---------|
|   Total   |      |      |      |   48   ||  4.764  ||    27   |
|-----------|------|------|------|--------||---------||---------|



* Summary:
+-----------+--------+--------+--------+--------+
|           |   DSP  |  Delay |   FF   |   LUT  |
+-----------+--------+--------+--------+--------+
|  Function |   39   |    -   |  2286  |  4406  |
|   Memory  |    -   |    -   |    -   |    -   |
|Multiplexer|    -   |    4   |    -   |   27   |
|  Register |    -   |    -   |   615  |    -   |
+-----------+--------+--------+--------+--------+
|   Total   |   39   |    4   |  2901  |  4433  |
+-----------+--------+--------+--------+--------+
