

================================================================
== Vitis HLS Report for 'rgb2gray_pixel'
================================================================
* Date:           Sun Jul 16 23:47:28 2023

* Version:        2022.2 (Build 3670227 on Oct 13 2022)
* Project:        rgb2gray_2
* Solution:       solution1 (Vivado IP Flow Target)
* Product family: zynq
* Target device:  xc7z020-clg484-1


================================================================
== Performance Estimates
================================================================
+ Timing: 
    * Summary: 
    +--------+----------+----------+------------+
    |  Clock |  Target  | Estimated| Uncertainty|
    +--------+----------+----------+------------+
    |ap_clk  |  10.00 ns|  7.297 ns|     2.70 ns|
    +--------+----------+----------+------------+

+ Latency: 
    * Summary: 
    +---------+---------+----------+----------+-----+-----+---------+
    |  Latency (cycles) |  Latency (absolute) |  Interval | Pipeline|
    |   min   |   max   |    min   |    max   | min | max |   Type  |
    +---------+---------+----------+----------+-----+-----+---------+
    |       27|       27|  0.270 us|  0.270 us|    1|    1|      yes|
    +---------+---------+----------+----------+-----+-----+---------+

    + Detail: 
        * Instance: 
        N/A

        * Loop: 
        N/A



================================================================
== Utilization Estimates
================================================================
* Summary: 
+-----------------+---------+-----+--------+-------+-----+
|       Name      | BRAM_18K| DSP |   FF   |  LUT  | URAM|
+-----------------+---------+-----+--------+-------+-----+
|DSP              |        -|    -|       -|      -|    -|
|Expression       |        -|    -|       0|    784|    -|
|FIFO             |        -|    -|       -|      -|    -|
|Instance         |        -|   39|    2286|   4040|    -|
|Memory           |        -|    -|       -|      -|    -|
|Multiplexer      |        -|    -|       -|     14|    -|
|Register         |        -|    -|     616|     32|    -|
+-----------------+---------+-----+--------+-------+-----+
|Total            |        0|   39|    2902|   4870|    0|
+-----------------+---------+-----+--------+-------+-----+
|Available        |      280|  220|  106400|  53200|    0|
+-----------------+---------+-----+--------+-------+-----+
|Utilization (%)  |        0|   17|       2|      9|    0|
+-----------------+---------+-----+--------+-------+-----+

+ Detail: 
    * Instance: 
    +-----------------------------------+--------------------------------+---------+----+-----+------+-----+
    |              Instance             |             Module             | BRAM_18K| DSP|  FF |  LUT | URAM|
    +-----------------------------------+--------------------------------+---------+----+-----+------+-----+
    |dadd_64ns_64ns_64_7_full_dsp_0_U1  |dadd_64ns_64ns_64_7_full_dsp_0  |        0|   3|  630|  1141|    0|
    |dadd_64ns_64ns_64_7_full_dsp_0_U2  |dadd_64ns_64ns_64_7_full_dsp_0  |        0|   3|  630|  1141|    0|
    |dmul_64ns_64ns_64_7_max_dsp_0_U3   |dmul_64ns_64ns_64_7_max_dsp_0   |        0|  11|  342|   586|    0|
    |dmul_64ns_64ns_64_7_max_dsp_0_U4   |dmul_64ns_64ns_64_7_max_dsp_0   |        0|  11|  342|   586|    0|
    |dmul_64ns_64ns_64_7_max_dsp_0_U5   |dmul_64ns_64ns_64_7_max_dsp_0   |        0|  11|  342|   586|    0|
    |sitodp_32ns_64_6_no_dsp_0_U6       |sitodp_32ns_64_6_no_dsp_0       |        0|   0|    0|     0|    0|
    |sitodp_32ns_64_6_no_dsp_0_U7       |sitodp_32ns_64_6_no_dsp_0       |        0|   0|    0|     0|    0|
    |sitodp_32ns_64_6_no_dsp_0_U8       |sitodp_32ns_64_6_no_dsp_0       |        0|   0|    0|     0|    0|
    +-----------------------------------+--------------------------------+---------+----+-----+------+-----+
    |Total                              |                                |        0|  39| 2286|  4040|    0|
    +-----------------------------------+--------------------------------+---------+----+-----+------+-----+

    * DSP: 
    N/A

    * Memory: 
    N/A

    * FIFO: 
    N/A

    * Expression: 
    +----------------------+----------+----+---+-----+------------+------------+
    |     Variable Name    | Operation| DSP| FF| LUT | Bitwidth P0| Bitwidth P1|
    +----------------------+----------+----+---+-----+------------+------------+
    |add_ln515_fu_140_p2   |         +|   0|  0|   12|          12|          11|
    |sub_ln1512_fu_154_p2  |         -|   0|  0|   12|          10|          11|
    |r_V_fu_179_p2         |      lshr|   0|  0|  370|         113|         113|
    |ush_fu_163_p3         |    select|   0|  0|   12|           1|          12|
    |val_fu_213_p3         |    select|   0|  0|    8|           1|           8|
    |r_V_1_fu_185_p2       |       shl|   0|  0|  370|         113|         113|
    +----------------------+----------+----+---+-----+------------+------------+
    |Total                 |          |   0|  0|  784|         250|         268|
    +----------------------+----------+----+---+-----+------------+------------+

    * Multiplexer: 
    +-----------+----+-----------+-----+-----------+
    |    Name   | LUT| Input Size| Bits| Total Bits|
    +-----------+----+-----------+-----+-----------+
    |ap_return  |  14|          3|    8|         24|
    +-----------+----+-----------+-----+-----------+
    |Total      |  14|          3|    8|         24|
    +-----------+----+-----------+-----+-----------+

    * Register: 
    +------------------------+----+----+-----+-----------+
    |          Name          | FF | LUT| Bits| Const Bits|
    +------------------------+----+----+-----+-----------+
    |add_reg_266             |  64|   0|   64|          0|
    |ap_ce_reg               |   1|   0|    1|          0|
    |ap_return_int_reg       |   8|   0|    8|          0|
    |conv1_reg_236           |  64|   0|   64|          0|
    |conv3_reg_241           |  64|   0|   64|          0|
    |conv6_reg_261           |  64|   0|   64|          0|
    |mul4_reg_256            |  64|   0|   64|          0|
    |mul7_reg_271            |  64|   0|   64|          0|
    |mul_reg_251             |  64|   0|   64|          0|
    |p_Result_s_reg_282      |  52|   0|   52|          0|
    |rgb_val_b_int_reg       |   8|   0|    8|          0|
    |rgb_val_b_read_reg_221  |   8|   0|    8|          0|
    |rgb_val_g_int_reg       |   8|   0|    8|          0|
    |rgb_val_r_int_reg       |   8|   0|    8|          0|
    |xs_exp_V_reg_276        |  11|   0|   11|          0|
    |rgb_val_b_read_reg_221  |  64|  32|    8|          0|
    +------------------------+----+----+-----+-----------+
    |Total                   | 616|  32|  560|          0|
    +------------------------+----+----+-----+-----------+



================================================================
== Interface
================================================================
* Summary: 
+-----------+-----+-----+------------+----------------+--------------+
| RTL Ports | Dir | Bits|  Protocol  |  Source Object |    C Type    |
+-----------+-----+-----+------------+----------------+--------------+
|ap_clk     |   in|    1|  ap_ctrl_hs|  rgb2gray_pixel|  return value|
|ap_rst     |   in|    1|  ap_ctrl_hs|  rgb2gray_pixel|  return value|
|ap_return  |  out|    8|  ap_ctrl_hs|  rgb2gray_pixel|  return value|
|ap_ce      |   in|    1|  ap_ctrl_hs|  rgb2gray_pixel|  return value|
|rgb_val_r  |   in|    8|     ap_none|       rgb_val_r|        scalar|
|rgb_val_g  |   in|    8|     ap_none|       rgb_val_g|        scalar|
|rgb_val_b  |   in|    8|     ap_none|       rgb_val_b|        scalar|
+-----------+-----+-----+------------+----------------+--------------+

